#
# There is insufficient memory for the Java Runtime Environment to continue.
# Native memory allocation (malloc) failed to allocate 264336 bytes for Chunk::new
# Possible reasons:
#   The system is out of physical RAM or swap space
#   In 32 bit mode, the process size limit was hit
# Possible solutions:
#   Reduce memory load on the system
#   Increase physical memory or swap space
#   Check if swap backing store is full
#   Use 64 bit Java on a 64 bit OS
#   Decrease Java heap size (-Xmx/-Xms)
#   Decrease number of Java threads
#   Decrease Java thread stack sizes (-Xss)
#   Set larger code cache with -XX:ReservedCodeCacheSize=
# This output file may be truncated or incomplete.
#
#  Out of Memory Error (allocation.cpp:390), pid=9384, tid=39100
#
# JRE version: Java(TM) SE Runtime Environment (8.0_31-b13) (build 1.8.0_31-b13)
# Java VM: Java HotSpot(TM) 64-Bit Server VM (25.31-b07 mixed mode windows-amd64 compressed oops)
# Failed to write core dump. Minidumps are not enabled by default on client versions of Windows
#

---------------  T H R E A D  ---------------

Current thread (0x0000000014d2b800):  JavaThread "C2 CompilerThread0" daemon [_thread_in_native, id=39100, stack(0x0000000016280000,0x0000000016380000)]

Stack: [0x0000000016280000,0x0000000016380000]
Native frames: (J=compiled Java code, j=interpreted, Vv=VM code, C=native code)
V  [jvm.dll+0x3169ba]


Current CompileTask:
C2:   8740 1341       4       com.android.dx.ssa.back.FirstFitLocalCombiningAllocator$1::processInsn (169 bytes)


---------------  P R O C E S S  ---------------

Java Threads: ( => current thread )
  0x0000000014d8a000 JavaThread "Service Thread" daemon [_thread_blocked, id=51996, stack(0x0000000016580000,0x0000000016680000)]
  0x0000000014d7f800 JavaThread "C1 CompilerThread2" daemon [_thread_in_native, id=51340, stack(0x0000000016480000,0x0000000016580000)]
  0x0000000014d7d000 JavaThread "C2 CompilerThread1" daemon [_thread_in_native, id=38964, stack(0x0000000016380000,0x0000000016480000)]
=>0x0000000014d2b800 JavaThread "C2 CompilerThread0" daemon [_thread_in_native, id=39100, stack(0x0000000016280000,0x0000000016380000)]
  0x0000000014d29800 JavaThread "Attach Listener" daemon [_thread_blocked, id=2812, stack(0x0000000016180000,0x0000000016280000)]
  0x0000000014d28800 JavaThread "Signal Dispatcher" daemon [_thread_blocked, id=50564, stack(0x0000000016080000,0x0000000016180000)]
  0x0000000002654800 JavaThread "Finalizer" daemon [_thread_blocked, id=52540, stack(0x0000000015f80000,0x0000000016080000)]
  0x0000000014cf8800 JavaThread "Reference Handler" daemon [_thread_blocked, id=2868, stack(0x0000000015e80000,0x0000000015f80000)]
  0x0000000002561000 JavaThread "main" [_thread_in_vm, id=6220, stack(0x00000000023e0000,0x00000000024e0000)]

Other Threads:
  0x0000000014cf6800 VMThread [stack: 0x0000000015d80000,0x0000000015e80000] [id=53548]
  0x0000000014d8d000 WatcherThread [stack: 0x0000000016680000,0x0000000016780000] [id=51532]

VM state:not at safepoint (normal execution)

VM Mutex/Monitor currently owned by a thread: None

Heap:
 PSYoungGen      total 26112K, used 9113K [0x00000000eab00000, 0x00000000ede00000, 0x0000000100000000)
  eden space 22528K, 24% used [0x00000000eab00000,0x00000000eb067c00,0x00000000ec100000)
  from space 3584K, 99% used [0x00000000ec100000,0x00000000ec47ea98,0x00000000ec480000)
  to   space 3584K, 0% used [0x00000000eda80000,0x00000000eda80000,0x00000000ede00000)
 ParOldGen       total 60416K, used 1696K [0x00000000c0000000, 0x00000000c3b00000, 0x00000000eab00000)
  object space 60416K, 2% used [0x00000000c0000000,0x00000000c01a8140,0x00000000c3b00000)
 Metaspace       used 5718K, capacity 6960K, committed 7040K, reserved 1056768K
  class space    used 556K, capacity 616K, committed 640K, reserved 1048576K

Card table byte_map: [0x0000000011a20000,0x0000000011c30000] byte_map_base: 0x0000000011420000

Marking Bits: (ParMarkBitMap*) 0x0000000065cbd4f0
 Begin Bits: [0x0000000012190000, 0x0000000013190000)
 End Bits:   [0x0000000013190000, 0x0000000014190000)

Polling page: 0x0000000000db0000

CodeCache: size=245760Kb used=5521Kb max_used=5528Kb free=240238Kb
 bounds [0x0000000002660000, 0x0000000002bd0000, 0x0000000011660000]
 total_blobs=1599 nmethods=1340 adapters=174
 compilation: enabled

Compilation events (10 events):
Event: 8.544 Thread 0x0000000014d7f800 nmethod 1336 0x0000000002bc2850 code [0x0000000002bc2ce0, 0x0000000002bc58f8]
Event: 8.544 Thread 0x0000000014d7f800 1337       3       com.android.dx.cf.direct.StdAttributeFactory::localVariableTable (98 bytes)
Event: 8.547 Thread 0x0000000014d7f800 nmethod 1337 0x0000000002bc7bd0 code [0x0000000002bc7e80, 0x0000000002bc8f98]
Event: 8.549 Thread 0x0000000014d2b800 1341       4       com.android.dx.ssa.back.FirstFitLocalCombiningAllocator$1::processInsn (169 bytes)
Event: 8.552 Thread 0x0000000014d7d000 nmethod 1339 0x0000000002ba75d0 code [0x0000000002ba7740, 0x0000000002ba7b18]
Event: 8.556 Thread 0x0000000014d7d000 1342   !   4       java.util.BitSet::clone (49 bytes)
Event: 8.561 Thread 0x0000000014d7d000 nmethod 1342 0x0000000002ba70d0 code [0x0000000002ba7240, 0x0000000002ba7428]
Event: 8.564 Thread 0x0000000014d7d000 1343       4       com.android.dx.ssa.SsaRenamer$BlockRenamer::visitNonMoveInsn (14 bytes)
Event: 8.599 Thread 0x0000000014d7d000 nmethod 1343 0x0000000002ba8990 code [0x0000000002ba8b20, 0x0000000002ba9290]
Event: 8.602 Thread 0x0000000014d7d000 1344       4       com.android.dx.ssa.back.FirstFitLocalCombiningAllocator$1::visitNonMoveInsn (6 bytes)

GC Heap History (2 events):
Event: 7.188 GC heap before
{Heap before GC invocations=1 (full 0):
 PSYoungGen      total 26112K, used 22528K [0x00000000eab00000, 0x00000000ec800000, 0x0000000100000000)
  eden space 22528K, 100% used [0x00000000eab00000,0x00000000ec100000,0x00000000ec100000)
  from space 3584K, 0% used [0x00000000ec480000,0x00000000ec480000,0x00000000ec800000)
  to   space 3584K, 0% used [0x00000000ec100000,0x00000000ec100000,0x00000000ec480000)
 ParOldGen       total 60416K, used 0K [0x00000000c0000000, 0x00000000c3b00000, 0x00000000eab00000)
  object space 60416K, 0% used [0x00000000c0000000,0x00000000c0000000,0x00000000c3b00000)
 Metaspace       used 5677K, capacity 6896K, committed 7040K, reserved 1056768K
  class space    used 556K, capacity 616K, committed 640K, reserved 1048576K
Event: 7.267 GC heap after
Heap after GC invocations=1 (full 0):
 PSYoungGen      total 26112K, used 3578K [0x00000000eab00000, 0x00000000ede00000, 0x0000000100000000)
  eden space 22528K, 0% used [0x00000000eab00000,0x00000000eab00000,0x00000000ec100000)
  from space 3584K, 99% used [0x00000000ec100000,0x00000000ec47ea98,0x00000000ec480000)
  to   space 3584K, 0% used [0x00000000eda80000,0x00000000eda80000,0x00000000ede00000)
 ParOldGen       total 60416K, used 1696K [0x00000000c0000000, 0x00000000c3b00000, 0x00000000eab00000)
  object space 60416K, 2% used [0x00000000c0000000,0x00000000c01a8140,0x00000000c3b00000)
 Metaspace       used 5677K, capacity 6896K, committed 7040K, reserved 1056768K
  class space    used 556K, capacity 616K, committed 640K, reserved 1048576K
}

Deoptimization events (5 events):
Event: 5.365 Thread 0x0000000002561000 Uncommon trap: reason=unreached action=reinterpret pc=0x0000000002a072dc method=com.android.dx.rop.cst.Constant.compareTo(Lcom/android/dx/rop/cst/Constant;)I @ 12
Event: 5.887 Thread 0x0000000002561000 Uncommon trap: reason=unreached action=reinterpret pc=0x0000000002a20250 method=com.android.dx.rop.code.LocalItem.hashCode()I @ 25
Event: 6.211 Thread 0x0000000002561000 Uncommon trap: reason=bimorphic action=maybe_recompile pc=0x0000000002931e94 method=java.util.HashMap.getNode(ILjava/lang/Object;)Ljava/util/HashMap$Node; @ 126
Event: 7.420 Thread 0x0000000002561000 Uncommon trap: reason=null_check action=make_not_entrant pc=0x0000000002b68c20 method=com.android.dx.rop.type.Type.equals(Ljava/lang/Object;)Z @ 8
Event: 8.059 Thread 0x0000000002561000 Uncommon trap: reason=unreached action=reinterpret pc=0x0000000002b54b2c method=com.android.dx.ssa.SCCP.simulateStmt(Lcom/android/dx/ssa/SsaInsn;)V @ 418

Internal exceptions (10 events):
Event: 4.358 Thread 0x0000000002561000 Exception <a 'java/security/PrivilegedActionException'> (0x00000000eb71a648) thrown at [C:\workspace\8-2-build-windows-amd64-cygwin\jdk8u31\2394\hotspot\src\share\vm\prims\jvm.cpp, line 1312]
Event: 4.484 Thread 0x0000000002561000 Exception <a 'java/security/PrivilegedActionException'> (0x00000000eb7a7db8) thrown at [C:\workspace\8-2-build-windows-amd64-cygwin\jdk8u31\2394\hotspot\src\share\vm\prims\jvm.cpp, line 1312]
Event: 4.484 Thread 0x0000000002561000 Exception <a 'java/security/PrivilegedActionException'> (0x00000000eb7aa3b8) thrown at [C:\workspace\8-2-build-windows-amd64-cygwin\jdk8u31\2394\hotspot\src\share\vm\prims\jvm.cpp, line 1312]
Event: 4.835 Thread 0x0000000002561000 Exception <a 'java/security/PrivilegedActionException'> (0x00000000eb872978) thrown at [C:\workspace\8-2-build-windows-amd64-cygwin\jdk8u31\2394\hotspot\src\share\vm\prims\jvm.cpp, line 1312]
Event: 4.943 Thread 0x0000000002561000 Exception <a 'java/security/PrivilegedActionException'> (0x00000000eb8ac510) thrown at [C:\workspace\8-2-build-windows-amd64-cygwin\jdk8u31\2394\hotspot\src\share\vm\prims\jvm.cpp, line 1312]
Event: 4.949 Thread 0x0000000002561000 Exception <a 'java/security/PrivilegedActionException'> (0x00000000eb8ba518) thrown at [C:\workspace\8-2-build-windows-amd64-cygwin\jdk8u31\2394\hotspot\src\share\vm\prims\jvm.cpp, line 1312]
Event: 5.881 Thread 0x0000000002561000 Exception <a 'java/security/PrivilegedActionException'> (0x00000000ebc17f18) thrown at [C:\workspace\8-2-build-windows-amd64-cygwin\jdk8u31\2394\hotspot\src\share\vm\prims\jvm.cpp, line 1312]
Event: 5.903 Thread 0x0000000002561000 Exception <a 'java/security/PrivilegedActionException'> (0x00000000ebc53ef8) thrown at [C:\workspace\8-2-build-windows-amd64-cygwin\jdk8u31\2394\hotspot\src\share\vm\prims\jvm.cpp, line 1312]
Event: 6.451 Thread 0x0000000002561000 Exception <a 'java/security/PrivilegedActionException'> (0x00000000ebf314b8) thrown at [C:\workspace\8-2-build-windows-amd64-cygwin\jdk8u31\2394\hotspot\src\share\vm\prims\jvm.cpp, line 1312]
Event: 7.420 Thread 0x0000000002561000 Implicit null exception at 0x0000000002b68b22 to 0x0000000002b68c12

Events (10 events):
Event: 6.450 loading class com/android/dx/cf/code/SwitchList
Event: 6.450 loading class com/android/dx/cf/code/SwitchList done
Event: 7.188 Executing VM operation: ParallelGCFailedAllocation
Event: 7.267 Executing VM operation: ParallelGCFailedAllocation done
Event: 7.420 Thread 0x0000000002561000 Uncommon trap: trap_request=0xfffffff4 fr.pc=0x0000000002b68c20
Event: 7.420 Thread 0x0000000002561000 DEOPT PACKING pc=0x0000000002b68c20 sp=0x00000000024de2f0
Event: 7.420 Thread 0x0000000002561000 DEOPT UNPACKING pc=0x00000000026a556a sp=0x00000000024de278 mode 2
Event: 8.059 Thread 0x0000000002561000 Uncommon trap: trap_request=0xffffffad fr.pc=0x0000000002b54b2c
Event: 8.059 Thread 0x0000000002561000 DEOPT PACKING pc=0x0000000002b54b2c sp=0x00000000024de680
Event: 8.059 Thread 0x0000000002561000 DEOPT UNPACKING pc=0x00000000026a556a sp=0x00000000024de660 mode 2


Dynamic libraries:
0x00007ff7d7020000 - 0x00007ff7d7054000 	C:\Program Files\Java\jdk1.8.0_31\bin\java.exe
0x00007ffcbc7e0000 - 0x00007ffcbc98a000 	C:\WINDOWS\SYSTEM32\ntdll.dll
0x00007ffcba5d0000 - 0x00007ffcba70a000 	C:\WINDOWS\system32\KERNEL32.DLL
0x00007ffcb9d70000 - 0x00007ffcb9e7f000 	C:\WINDOWS\system32\KERNELBASE.dll
0x00007ffcb8780000 - 0x00007ffcb8808000 	C:\WINDOWS\system32\apphelp.dll
0x00007ffcb3660000 - 0x00007ffcb36af000 	C:\WINDOWS\AppPatch\AppPatch64\AcGenral.DLL
0x00007ffcbc470000 - 0x00007ffcbc517000 	C:\WINDOWS\system32\msvcrt.dll
0x00007ffcb9990000 - 0x00007ffcb99bb000 	C:\WINDOWS\SYSTEM32\SspiCli.dll
0x00007ffcba060000 - 0x00007ffcba0b1000 	C:\WINDOWS\system32\SHLWAPI.dll
0x00007ffcba450000 - 0x00007ffcba5c1000 	C:\WINDOWS\system32\USER32.dll
0x00007ffcba9a0000 - 0x00007ffcbab18000 	C:\WINDOWS\system32\ole32.dll
0x00007ffcbaca0000 - 0x00007ffcbc0c0000 	C:\WINDOWS\system32\SHELL32.dll
0x00007ffcb91c0000 - 0x00007ffcb91de000 	C:\WINDOWS\SYSTEM32\USERENV.dll
0x00007ffcba260000 - 0x00007ffcba305000 	C:\WINDOWS\system32\ADVAPI32.dll
0x00007ffcb28d0000 - 0x00007ffcb28eb000 	C:\WINDOWS\SYSTEM32\MPR.dll
0x00007ffcbab60000 - 0x00007ffcbac97000 	C:\WINDOWS\system32\RPCRT4.dll
0x00007ffcbc0d0000 - 0x00007ffcbc127000 	C:\WINDOWS\SYSTEM32\sechost.dll
0x00007ffcbc5a0000 - 0x00007ffcbc776000 	C:\WINDOWS\SYSTEM32\combase.dll
0x00007ffcbc160000 - 0x00007ffcbc2a4000 	C:\WINDOWS\system32\GDI32.dll
0x00007ffcb9b50000 - 0x00007ffcb9b64000 	C:\WINDOWS\SYSTEM32\profapi.dll
0x00007ffcb7ff0000 - 0x00007ffcb808f000 	C:\WINDOWS\SYSTEM32\SHCORE.dll
0x00007ffcbab20000 - 0x00007ffcbab54000 	C:\WINDOWS\system32\IMM32.DLL
0x00007ffcba310000 - 0x00007ffcba449000 	C:\WINDOWS\system32\MSCTF.dll
0x00007ffcb7650000 - 0x00007ffcb78aa000 	C:\WINDOWS\WinSxS\amd64_microsoft.windows.common-controls_6595b64144ccf1df_6.0.9600.17031_none_6242a4b3ecbb55a1\COMCTL32.dll
0x0000000065400000 - 0x00000000654d2000 	C:\Program Files\Java\jdk1.8.0_31\jre\bin\msvcr100.dll
0x00000000654e0000 - 0x0000000065d3a000 	C:\Program Files\Java\jdk1.8.0_31\jre\bin\server\jvm.dll
0x00007ffcb5af0000 - 0x00007ffcb5af9000 	C:\WINDOWS\SYSTEM32\WSOCK32.dll
0x00007ffcb7e60000 - 0x00007ffcb7e7f000 	C:\WINDOWS\SYSTEM32\WINMM.dll
0x00007ffcbc150000 - 0x00007ffcbc157000 	C:\WINDOWS\system32\PSAPI.DLL
0x00007ffcbc350000 - 0x00007ffcbc3a8000 	C:\WINDOWS\system32\WS2_32.dll
0x00007ffcb7620000 - 0x00007ffcb764a000 	C:\WINDOWS\SYSTEM32\WINMMBASE.dll
0x00007ffcbc140000 - 0x00007ffcbc149000 	C:\WINDOWS\system32\NSI.dll
0x00007ffcb9c70000 - 0x00007ffcb9cba000 	C:\WINDOWS\SYSTEM32\cfgmgr32.dll
0x00007ffcb89e0000 - 0x00007ffcb8a06000 	C:\WINDOWS\SYSTEM32\DEVOBJ.dll
0x00000000653f0000 - 0x00000000653ff000 	C:\Program Files\Java\jdk1.8.0_31\jre\bin\verify.dll
0x00000000653c0000 - 0x00000000653e8000 	C:\Program Files\Java\jdk1.8.0_31\jre\bin\java.dll
0x00000000653a0000 - 0x00000000653b6000 	C:\Program Files\Java\jdk1.8.0_31\jre\bin\zip.dll
0x00007ffcb1250000 - 0x00007ffcb13d8000 	C:\WINDOWS\SYSTEM32\dbghelp.dll

VM Arguments:
jvm_args: -Xmx1024M -Dfile.encoding=windows-1252 -Duser.country=IN -Duser.language=en -Duser.variant 
java_command: com.android.dx.command.Main --dex --output B:\Sunshine8_Sun_1702\app\build\intermediates\pre-dexed\debug\classes-2243131fc82837dc3b08a93eddd550dbab669097.jar B:\Sunshine8_Sun_1702\app\build\intermediates\exploded-aar\com.android.support\appcompat-v7\22.2.1\classes.jar
java_class_path (initial): C:\Users\Abhishek\AppData\Local\Android\sdk1\build-tools\21.1.2\lib\dx.jar
Launcher Type: SUN_STANDARD

Environment Variables:
JAVA_HOME=C:\Program Files\Java\jdk1.8.0_31
JRE_HOME=C:\Program Files\Java\jre1.8.0_31
PATH=C:\Program Files (x86)\PC Connectivity Solution\;C:\WINDOWS\system32;C:\WINDOWS;C:\WINDOWS\System32\Wbem;C:\WINDOWS\System32\WindowsPowerShell\v1.0\;C:\jdk1.7.0_21\bin;C:\HashiCorp\Vagrant\bin;C:\Program Files (x86)\Skype\Phone\
USERNAME=Abhishek
OS=Windows_NT
PROCESSOR_IDENTIFIER=AMD64 Family 21 Model 16 Stepping 1, AuthenticAMD



---------------  S Y S T E M  ---------------

OS: Windows 8.1 , 64 bit Build 9600 

CPU:total 4 (4 cores per cpu, 1 threads per core) family 21 model 16 stepping 1, cmov, cx8, fxsr, mmx, sse, sse2, sse3, ssse3, sse4.1, sse4.2, popcnt, avx, aes, clmul, mmxext, 3dnowpref, lzcnt, sse4a, tsc, tscinvbit, tscinv, bmi1

Memory: 4k page, physical 5728520k(1802280k free), swap 8874248k(4888k free)

vm_info: Java HotSpot(TM) 64-Bit Server VM (25.31-b07) for windows-amd64 JRE (1.8.0_31-b13), built on Dec 17 2014 21:00:28 by "java_re" with MS VC++ 10.0 (VS2010)

time: Sun Aug 02 21:05:50 2015
elapsed time: 8 seconds (0d 0h 0m 8s)

