#
# There is insufficient memory for the Java Runtime Environment to continue.
# Native memory allocation (malloc) failed to allocate 267696 bytes for Chunk::new
# Possible reasons:
#   The system is out of physical RAM or swap space
#   In 32 bit mode, the process size limit was hit
# Possible solutions:
#   Reduce memory load on the system
#   Increase physical memory or swap space
#   Check if swap backing store is full
#   Use 64 bit Java on a 64 bit OS
#   Decrease Java heap size (-Xmx/-Xms)
#   Decrease number of Java threads
#   Decrease Java thread stack sizes (-Xss)
#   Set larger code cache with -XX:ReservedCodeCacheSize=
# This output file may be truncated or incomplete.
#
#  Out of Memory Error (allocation.cpp:390), pid=53620, tid=2532
#
# JRE version: Java(TM) SE Runtime Environment (8.0_31-b13) (build 1.8.0_31-b13)
# Java VM: Java HotSpot(TM) 64-Bit Server VM (25.31-b07 mixed mode windows-amd64 compressed oops)
# Failed to write core dump. Minidumps are not enabled by default on client versions of Windows
#

---------------  T H R E A D  ---------------

Current thread (0x0000000014e4c800):  JavaThread "C2 CompilerThread1" daemon [_thread_in_native, id=2532, stack(0x0000000016450000,0x0000000016550000)]

Stack: [0x0000000016450000,0x0000000016550000]
Native frames: (J=compiled Java code, j=interpreted, Vv=VM code, C=native code)
V  [jvm.dll+0x3169ba]
V  [jvm.dll+0x2674c3]
V  [jvm.dll+0x268103]
V  [jvm.dll+0x25f8f5]
V  [jvm.dll+0xbf025]
V  [jvm.dll+0xbf4cc]
V  [jvm.dll+0x4957e4]
V  [jvm.dll+0x4469cc]
V  [jvm.dll+0x451bce]
V  [jvm.dll+0x4541b8]
V  [jvm.dll+0x437c62]
V  [jvm.dll+0x988e2]
V  [jvm.dll+0x990d3]
V  [jvm.dll+0x22c194]
V  [jvm.dll+0x28576a]
C  [msvcr100.dll+0x21d9f]
C  [msvcr100.dll+0x21e3b]
C  [KERNEL32.DLL+0x16ad]
C  [ntdll.dll+0x734a5]


Current CompileTask:
C2:   8893 1350   !   4       com.android.dx.cf.code.BytecodeArray::parseInstruction (2764 bytes)


---------------  P R O C E S S  ---------------

Java Threads: ( => current thread )
  0x0000000014e5a000 JavaThread "Service Thread" daemon [_thread_blocked, id=8920, stack(0x0000000016650000,0x0000000016750000)]
  0x0000000014e53000 JavaThread "C1 CompilerThread2" daemon [_thread_blocked, id=52448, stack(0x0000000016550000,0x0000000016650000)]
=>0x0000000014e4c800 JavaThread "C2 CompilerThread1" daemon [_thread_in_native, id=2532, stack(0x0000000016450000,0x0000000016550000)]
  0x0000000014dfb800 JavaThread "C2 CompilerThread0" daemon [_thread_blocked, id=54260, stack(0x0000000016350000,0x0000000016450000)]
  0x0000000014df9800 JavaThread "Attach Listener" daemon [_thread_blocked, id=728, stack(0x0000000016250000,0x0000000016350000)]
  0x0000000014df8800 JavaThread "Signal Dispatcher" daemon [_thread_blocked, id=48144, stack(0x0000000016150000,0x0000000016250000)]
  0x0000000002724800 JavaThread "Finalizer" daemon [_thread_blocked, id=52956, stack(0x0000000016050000,0x0000000016150000)]
  0x0000000014dc8800 JavaThread "Reference Handler" daemon [_thread_blocked, id=54136, stack(0x0000000015f50000,0x0000000016050000)]
  0x0000000002631000 JavaThread "main" [_thread_in_Java, id=2824, stack(0x0000000002530000,0x0000000002630000)]

Other Threads:
  0x0000000014dc6800 VMThread [stack: 0x0000000015e50000,0x0000000015f50000] [id=2472]
  0x0000000014e5c800 WatcherThread [stack: 0x0000000016750000,0x0000000016850000] [id=2656]

VM state:not at safepoint (normal execution)

VM Mutex/Monitor currently owned by a thread: None

Heap:
 PSYoungGen      total 26112K, used 8655K [0x00000000eab00000, 0x00000000ede00000, 0x0000000100000000)
  eden space 22528K, 22% used [0x00000000eab00000,0x00000000eaff6348,0x00000000ec100000)
  from space 3584K, 99% used [0x00000000ec100000,0x00000000ec47dc98,0x00000000ec480000)
  to   space 3584K, 0% used [0x00000000eda80000,0x00000000eda80000,0x00000000ede00000)
 ParOldGen       total 60416K, used 1495K [0x00000000c0000000, 0x00000000c3b00000, 0x00000000eab00000)
  object space 60416K, 2% used [0x00000000c0000000,0x00000000c0175c08,0x00000000c3b00000)
 Metaspace       used 5762K, capacity 7024K, committed 7296K, reserved 1056768K
  class space    used 554K, capacity 616K, committed 640K, reserved 1048576K

Card table byte_map: [0x0000000011af0000,0x0000000011d00000] byte_map_base: 0x00000000114f0000

Marking Bits: (ParMarkBitMap*) 0x0000000065cbd4f0
 Begin Bits: [0x0000000012260000, 0x0000000013260000)
 End Bits:   [0x0000000013260000, 0x0000000014260000)

Polling page: 0x0000000000b70000

CodeCache: size=245760Kb used=5694Kb max_used=5712Kb free=240066Kb
 bounds [0x0000000002730000, 0x0000000002cd0000, 0x0000000011730000]
 total_blobs=1606 nmethods=1347 adapters=174
 compilation: enabled

Compilation events (10 events):
Event: 8.360 Thread 0x0000000014e53000 nmethod 1345 0x0000000002cacf90 code [0x0000000002cad0e0, 0x0000000002cad1f0]
Event: 8.364 Thread 0x0000000014e53000 1346       1       com.android.dx.cf.code.OneLocalsArray::getOrNull (7 bytes)
Event: 8.364 Thread 0x0000000014e53000 nmethod 1346 0x0000000002c9e990 code [0x0000000002c9eae0, 0x0000000002c9ec10]
Event: 8.370 Thread 0x0000000014dfb800 1347   !   4       java.util.BitSet::clone (49 bytes)
Event: 8.375 Thread 0x0000000014dfb800 nmethod 1347 0x0000000002c9e410 code [0x0000000002c9e580, 0x0000000002c9e768]
Event: 8.376 Thread 0x0000000014e4c800 1348       4       com.android.dx.ssa.SsaRenamer$BlockRenamer::processResultReg (56 bytes)
Event: 8.450 Thread 0x0000000014dfb800 1349   !   4       com.android.dx.rop.code.RegisterSpec::intern (70 bytes)
Event: 8.523 Thread 0x0000000014e4c800 nmethod 1348 0x0000000002cc09d0 code [0x0000000002cc0cc0, 0x0000000002cc27b8]
Event: 8.603 Thread 0x0000000014dfb800 nmethod 1349 0x0000000002cc5410 code [0x0000000002cc56a0, 0x0000000002cc7330]
Event: 8.633 Thread 0x0000000014e4c800 1350   !   4       com.android.dx.cf.code.BytecodeArray::parseInstruction (2764 bytes)

GC Heap History (2 events):
Event: 6.710 GC heap before
{Heap before GC invocations=1 (full 0):
 PSYoungGen      total 26112K, used 22528K [0x00000000eab00000, 0x00000000ec800000, 0x0000000100000000)
  eden space 22528K, 100% used [0x00000000eab00000,0x00000000ec100000,0x00000000ec100000)
  from space 3584K, 0% used [0x00000000ec480000,0x00000000ec480000,0x00000000ec800000)
  to   space 3584K, 0% used [0x00000000ec100000,0x00000000ec100000,0x00000000ec480000)
 ParOldGen       total 60416K, used 0K [0x00000000c0000000, 0x00000000c3b00000, 0x00000000eab00000)
  object space 60416K, 0% used [0x00000000c0000000,0x00000000c0000000,0x00000000c3b00000)
 Metaspace       used 5670K, capacity 6896K, committed 7040K, reserved 1056768K
  class space    used 554K, capacity 616K, committed 640K, reserved 1048576K
Event: 6.829 GC heap after
Heap after GC invocations=1 (full 0):
 PSYoungGen      total 26112K, used 3575K [0x00000000eab00000, 0x00000000ede00000, 0x0000000100000000)
  eden space 22528K, 0% used [0x00000000eab00000,0x00000000eab00000,0x00000000ec100000)
  from space 3584K, 99% used [0x00000000ec100000,0x00000000ec47dc98,0x00000000ec480000)
  to   space 3584K, 0% used [0x00000000eda80000,0x00000000eda80000,0x00000000ede00000)
 ParOldGen       total 60416K, used 1495K [0x00000000c0000000, 0x00000000c3b00000, 0x00000000eab00000)
  object space 60416K, 2% used [0x00000000c0000000,0x00000000c0175c08,0x00000000c3b00000)
 Metaspace       used 5670K, capacity 6896K, committed 7040K, reserved 1056768K
  class space    used 554K, capacity 616K, committed 640K, reserved 1048576K
}

Deoptimization events (10 events):
Event: 3.885 Thread 0x0000000002631000 Uncommon trap: reason=class_check action=maybe_recompile pc=0x0000000002a658ec method=com.android.dx.ssa.NormalSsaInsn.accept(Lcom/android/dx/ssa/SsaInsn$Visitor;)V @ 9
Event: 3.885 Thread 0x0000000002631000 Uncommon trap: reason=class_check action=maybe_recompile pc=0x0000000002a658ec method=com.android.dx.ssa.NormalSsaInsn.accept(Lcom/android/dx/ssa/SsaInsn$Visitor;)V @ 9
Event: 3.885 Thread 0x0000000002631000 Uncommon trap: reason=class_check action=maybe_recompile pc=0x0000000002a658ec method=com.android.dx.ssa.NormalSsaInsn.accept(Lcom/android/dx/ssa/SsaInsn$Visitor;)V @ 9
Event: 3.885 Thread 0x0000000002631000 Uncommon trap: reason=class_check action=maybe_recompile pc=0x0000000002a658ec method=com.android.dx.ssa.NormalSsaInsn.accept(Lcom/android/dx/ssa/SsaInsn$Visitor;)V @ 9
Event: 3.886 Thread 0x0000000002631000 Uncommon trap: reason=class_check action=maybe_recompile pc=0x0000000002a008b0 method=com.android.dx.ssa.NormalSsaInsn.accept(Lcom/android/dx/ssa/SsaInsn$Visitor;)V @ 9
Event: 6.193 Thread 0x0000000002631000 Uncommon trap: reason=null_check action=make_not_entrant pc=0x0000000002b004a0 method=com.android.dx.rop.type.Type.equals(Ljava/lang/Object;)Z @ 8
Event: 6.196 Thread 0x0000000002631000 Uncommon trap: reason=null_check action=make_not_entrant pc=0x0000000002ac8ecc method=com.android.dx.ssa.SsaRenamer.getLocalForNewReg(I)Lcom/android/dx/rop/code/LocalItem; @ 19
Event: 6.196 Thread 0x0000000002631000 Uncommon trap: reason=null_check action=make_not_entrant pc=0x0000000002ad75c0 method=com.android.dx.ssa.SsaRenamer.getLocalForNewReg(I)Lcom/android/dx/rop/code/LocalItem; @ 19
Event: 6.306 Thread 0x0000000002631000 Uncommon trap: reason=unreached action=reinterpret pc=0x0000000002b06aa0 method=com.android.dx.rop.code.LocalItem.hashCode()I @ 25
Event: 6.306 Thread 0x0000000002631000 Uncommon trap: reason=unreached action=reinterpret pc=0x0000000002af7c58 method=com.android.dx.rop.code.LocalItem.hashCode()I @ 25

Internal exceptions (10 events):
Event: 3.611 Thread 0x0000000002631000 Exception <a 'java/security/PrivilegedActionException'> (0x00000000eb6384f8) thrown at [C:\workspace\8-2-build-windows-amd64-cygwin\jdk8u31\2394\hotspot\src\share\vm\prims\jvm.cpp, line 1312]
Event: 3.613 Thread 0x0000000002631000 Exception <a 'java/security/PrivilegedActionException'> (0x00000000eb63dfa0) thrown at [C:\workspace\8-2-build-windows-amd64-cygwin\jdk8u31\2394\hotspot\src\share\vm\prims\jvm.cpp, line 1312]
Event: 3.615 Thread 0x0000000002631000 Exception <a 'java/security/PrivilegedActionException'> (0x00000000eb6437f0) thrown at [C:\workspace\8-2-build-windows-amd64-cygwin\jdk8u31\2394\hotspot\src\share\vm\prims\jvm.cpp, line 1312]
Event: 3.617 Thread 0x0000000002631000 Exception <a 'java/security/PrivilegedActionException'> (0x00000000eb648910) thrown at [C:\workspace\8-2-build-windows-amd64-cygwin\jdk8u31\2394\hotspot\src\share\vm\prims\jvm.cpp, line 1312]
Event: 3.747 Thread 0x0000000002631000 Exception <a 'java/security/PrivilegedActionException'> (0x00000000eb68fbb0) thrown at [C:\workspace\8-2-build-windows-amd64-cygwin\jdk8u31\2394\hotspot\src\share\vm\prims\jvm.cpp, line 1312]
Event: 5.321 Thread 0x0000000002631000 Exception <a 'java/security/PrivilegedActionException'> (0x00000000ebc56010) thrown at [C:\workspace\8-2-build-windows-amd64-cygwin\jdk8u31\2394\hotspot\src\share\vm\prims\jvm.cpp, line 1312]
Event: 6.193 Thread 0x0000000002631000 Implicit null exception at 0x0000000002b003a2 to 0x0000000002b00492
Event: 6.196 Thread 0x0000000002631000 Implicit null exception at 0x0000000002ac6bee to 0x0000000002ac8ea5
Event: 6.196 Thread 0x0000000002631000 Implicit null exception at 0x0000000002ad529d to 0x0000000002ad759d
Event: 6.303 Thread 0x0000000002631000 Exception <a 'java/security/PrivilegedActionException'> (0x00000000ebf794c0) thrown at [C:\workspace\8-2-build-windows-amd64-cygwin\jdk8u31\2394\hotspot\src\share\vm\prims\jvm.cpp, line 1312]

Events (10 events):
Event: 6.303 loading class com/android/dx/cf/attrib/AttLocalVariableTypeTable
Event: 6.303 loading class com/android/dx/cf/attrib/AttLocalVariableTypeTable done
Event: 6.306 Thread 0x0000000002631000 Uncommon trap: trap_request=0xffffffad fr.pc=0x0000000002b06aa0
Event: 6.306 Thread 0x0000000002631000 DEOPT PACKING pc=0x0000000002b06aa0 sp=0x000000000262ecc0
Event: 6.306 Thread 0x0000000002631000 DEOPT UNPACKING pc=0x000000000277556a sp=0x000000000262ea18 mode 2
Event: 6.306 Thread 0x0000000002631000 Uncommon trap: trap_request=0xffffffad fr.pc=0x0000000002af7c58
Event: 6.306 Thread 0x0000000002631000 DEOPT PACKING pc=0x0000000002af7c58 sp=0x000000000262eb40
Event: 6.306 Thread 0x0000000002631000 DEOPT UNPACKING pc=0x000000000277556a sp=0x000000000262ea90 mode 2
Event: 6.710 Executing VM operation: ParallelGCFailedAllocation
Event: 6.829 Executing VM operation: ParallelGCFailedAllocation done


Dynamic libraries:
0x00007ff7d7020000 - 0x00007ff7d7054000 	C:\Program Files\Java\jdk1.8.0_31\bin\java.exe
0x00007ffcbc7e0000 - 0x00007ffcbc98a000 	C:\WINDOWS\SYSTEM32\ntdll.dll
0x00007ffcba5d0000 - 0x00007ffcba70a000 	C:\WINDOWS\system32\KERNEL32.DLL
0x00007ffcb9d70000 - 0x00007ffcb9e7f000 	C:\WINDOWS\system32\KERNELBASE.dll
0x00007ffcb8780000 - 0x00007ffcb8808000 	C:\WINDOWS\system32\apphelp.dll
0x00007ffcb3660000 - 0x00007ffcb36af000 	C:\WINDOWS\AppPatch\AppPatch64\AcGenral.DLL
0x00007ffcbc470000 - 0x00007ffcbc517000 	C:\WINDOWS\system32\msvcrt.dll
0x00007ffcb9990000 - 0x00007ffcb99bb000 	C:\WINDOWS\SYSTEM32\SspiCli.dll
0x00007ffcba060000 - 0x00007ffcba0b1000 	C:\WINDOWS\system32\SHLWAPI.dll
0x00007ffcba450000 - 0x00007ffcba5c1000 	C:\WINDOWS\system32\USER32.dll
0x00007ffcba9a0000 - 0x00007ffcbab18000 	C:\WINDOWS\system32\ole32.dll
0x00007ffcbaca0000 - 0x00007ffcbc0c0000 	C:\WINDOWS\system32\SHELL32.dll
0x00007ffcb91c0000 - 0x00007ffcb91de000 	C:\WINDOWS\SYSTEM32\USERENV.dll
0x00007ffcba260000 - 0x00007ffcba305000 	C:\WINDOWS\system32\ADVAPI32.dll
0x00007ffcb28d0000 - 0x00007ffcb28eb000 	C:\WINDOWS\SYSTEM32\MPR.dll
0x00007ffcbab60000 - 0x00007ffcbac97000 	C:\WINDOWS\system32\RPCRT4.dll
0x00007ffcbc0d0000 - 0x00007ffcbc127000 	C:\WINDOWS\SYSTEM32\sechost.dll
0x00007ffcbc5a0000 - 0x00007ffcbc776000 	C:\WINDOWS\SYSTEM32\combase.dll
0x00007ffcbc160000 - 0x00007ffcbc2a4000 	C:\WINDOWS\system32\GDI32.dll
0x00007ffcb9b50000 - 0x00007ffcb9b64000 	C:\WINDOWS\SYSTEM32\profapi.dll
0x00007ffcb7ff0000 - 0x00007ffcb808f000 	C:\WINDOWS\SYSTEM32\SHCORE.dll
0x00007ffcbab20000 - 0x00007ffcbab54000 	C:\WINDOWS\system32\IMM32.DLL
0x00007ffcba310000 - 0x00007ffcba449000 	C:\WINDOWS\system32\MSCTF.dll
0x00007ffcb7650000 - 0x00007ffcb78aa000 	C:\WINDOWS\WinSxS\amd64_microsoft.windows.common-controls_6595b64144ccf1df_6.0.9600.17031_none_6242a4b3ecbb55a1\COMCTL32.dll
0x0000000065400000 - 0x00000000654d2000 	C:\Program Files\Java\jdk1.8.0_31\jre\bin\msvcr100.dll
0x00000000654e0000 - 0x0000000065d3a000 	C:\Program Files\Java\jdk1.8.0_31\jre\bin\server\jvm.dll
0x00007ffcb5af0000 - 0x00007ffcb5af9000 	C:\WINDOWS\SYSTEM32\WSOCK32.dll
0x00007ffcb7e60000 - 0x00007ffcb7e7f000 	C:\WINDOWS\SYSTEM32\WINMM.dll
0x00007ffcbc150000 - 0x00007ffcbc157000 	C:\WINDOWS\system32\PSAPI.DLL
0x00007ffcbc350000 - 0x00007ffcbc3a8000 	C:\WINDOWS\system32\WS2_32.dll
0x00007ffcb7620000 - 0x00007ffcb764a000 	C:\WINDOWS\SYSTEM32\WINMMBASE.dll
0x00007ffcbc140000 - 0x00007ffcbc149000 	C:\WINDOWS\system32\NSI.dll
0x00007ffcb9c70000 - 0x00007ffcb9cba000 	C:\WINDOWS\SYSTEM32\cfgmgr32.dll
0x00007ffcb89e0000 - 0x00007ffcb8a06000 	C:\WINDOWS\SYSTEM32\DEVOBJ.dll
0x00000000653f0000 - 0x00000000653ff000 	C:\Program Files\Java\jdk1.8.0_31\jre\bin\verify.dll
0x00000000653c0000 - 0x00000000653e8000 	C:\Program Files\Java\jdk1.8.0_31\jre\bin\java.dll
0x00000000653a0000 - 0x00000000653b6000 	C:\Program Files\Java\jdk1.8.0_31\jre\bin\zip.dll
0x00007ffcb1250000 - 0x00007ffcb13d8000 	C:\WINDOWS\SYSTEM32\dbghelp.dll

VM Arguments:
jvm_args: -Xmx1024M -Dfile.encoding=windows-1252 -Duser.country=IN -Duser.language=en -Duser.variant 
java_command: com.android.dx.command.Main --dex --output B:\Sunshine8_Sun_1702\app\build\intermediates\pre-dexed\debug\internal_impl-22.2.1-8a14ee554f60a7797af117b531be0da586fae73a.jar B:\Sunshine8_Sun_1702\app\build\intermediates\exploded-aar\com.android.support\support-v4\22.2.1\libs\internal_impl-22.2.1.jar
java_class_path (initial): C:\Users\Abhishek\AppData\Local\Android\sdk1\build-tools\21.1.2\lib\dx.jar
Launcher Type: SUN_STANDARD

Environment Variables:
JAVA_HOME=C:\Program Files\Java\jdk1.8.0_31
JRE_HOME=C:\Program Files\Java\jre1.8.0_31
PATH=C:\Program Files (x86)\PC Connectivity Solution\;C:\WINDOWS\system32;C:\WINDOWS;C:\WINDOWS\System32\Wbem;C:\WINDOWS\System32\WindowsPowerShell\v1.0\;C:\jdk1.7.0_21\bin;C:\HashiCorp\Vagrant\bin;C:\Program Files (x86)\Skype\Phone\
USERNAME=Abhishek
OS=Windows_NT
PROCESSOR_IDENTIFIER=AMD64 Family 21 Model 16 Stepping 1, AuthenticAMD



---------------  S Y S T E M  ---------------

OS: Windows 8.1 , 64 bit Build 9600 

CPU:total 4 (4 cores per cpu, 1 threads per core) family 21 model 16 stepping 1, cmov, cx8, fxsr, mmx, sse, sse2, sse3, ssse3, sse4.1, sse4.2, popcnt, avx, aes, clmul, mmxext, 3dnowpref, lzcnt, sse4a, tsc, tscinvbit, tscinv, bmi1

Memory: 4k page, physical 5728520k(1801120k free), swap 8874248k(4220k free)

vm_info: Java HotSpot(TM) 64-Bit Server VM (25.31-b07) for windows-amd64 JRE (1.8.0_31-b13), built on Dec 17 2014 21:00:28 by "java_re" with MS VC++ 10.0 (VS2010)

time: Sun Aug 02 21:05:50 2015
elapsed time: 8 seconds (0d 0h 0m 8s)

