#
# There is insufficient memory for the Java Runtime Environment to continue.
# Native memory allocation (malloc) failed to allocate 134128 bytes for Chunk::new
# Possible reasons:
#   The system is out of physical RAM or swap space
#   In 32 bit mode, the process size limit was hit
# Possible solutions:
#   Reduce memory load on the system
#   Increase physical memory or swap space
#   Check if swap backing store is full
#   Use 64 bit Java on a 64 bit OS
#   Decrease Java heap size (-Xmx/-Xms)
#   Decrease number of Java threads
#   Decrease Java thread stack sizes (-Xss)
#   Set larger code cache with -XX:ReservedCodeCacheSize=
# This output file may be truncated or incomplete.
#
#  Out of Memory Error (allocation.cpp:390), pid=44548, tid=6060
#
# JRE version: Java(TM) SE Runtime Environment (8.0_31-b13) (build 1.8.0_31-b13)
# Java VM: Java HotSpot(TM) 64-Bit Server VM (25.31-b07 mixed mode windows-amd64 compressed oops)
# Failed to write core dump. Minidumps are not enabled by default on client versions of Windows
#

---------------  T H R E A D  ---------------

Current thread (0x000000001533b800):  JavaThread "C2 CompilerThread0" daemon [_thread_in_native, id=6060, stack(0x0000000016890000,0x0000000016990000)]

Stack: [0x0000000016890000,0x0000000016990000]
Native frames: (J=compiled Java code, j=interpreted, Vv=VM code, C=native code)
V  [jvm.dll+0x3169ba]


Current CompileTask:
C2:   7479 1316   !   4       com.android.dx.cf.code.BytecodeArray::parseInstruction (2764 bytes)


---------------  P R O C E S S  ---------------

Java Threads: ( => current thread )
  0x000000001539c800 JavaThread "Service Thread" daemon [_thread_blocked, id=51984, stack(0x0000000016b90000,0x0000000016c90000)]
  0x0000000015393000 JavaThread "C1 CompilerThread2" daemon [_thread_blocked, id=54060, stack(0x0000000016a90000,0x0000000016b90000)]
  0x000000001538c800 JavaThread "C2 CompilerThread1" daemon [_thread_in_native, id=2356, stack(0x0000000016990000,0x0000000016a90000)]
=>0x000000001533b800 JavaThread "C2 CompilerThread0" daemon [_thread_in_native, id=6060, stack(0x0000000016890000,0x0000000016990000)]
  0x0000000015339800 JavaThread "Attach Listener" daemon [_thread_blocked, id=4720, stack(0x0000000016790000,0x0000000016890000)]
  0x0000000015338800 JavaThread "Signal Dispatcher" daemon [_thread_blocked, id=55268, stack(0x0000000016690000,0x0000000016790000)]
  0x0000000002c64800 JavaThread "Finalizer" daemon [_thread_blocked, id=54316, stack(0x0000000016590000,0x0000000016690000)]
  0x0000000015308800 JavaThread "Reference Handler" daemon [_thread_blocked, id=7164, stack(0x0000000016490000,0x0000000016590000)]
  0x0000000002b71000 JavaThread "main" [_thread_in_vm, id=53536, stack(0x0000000002a70000,0x0000000002b70000)]

Other Threads:
  0x0000000015306800 VMThread [stack: 0x0000000016390000,0x0000000016490000] [id=55072]
  0x0000000016c90800 WatcherThread [stack: 0x0000000017090000,0x0000000017190000] [id=7388]

VM state:not at safepoint (normal execution)

VM Mutex/Monitor currently owned by a thread: None

Heap:
 PSYoungGen      total 26112K, used 8243K [0x00000000eab00000, 0x00000000ec800000, 0x0000000100000000)
  eden space 22528K, 20% used [0x00000000eab00000,0x00000000eaf931e8,0x00000000ec100000)
  from space 3584K, 99% used [0x00000000ec100000,0x00000000ec479c88,0x00000000ec480000)
  to   space 3584K, 0% used [0x00000000ec480000,0x00000000ec480000,0x00000000ec800000)
 ParOldGen       total 60416K, used 1583K [0x00000000c0000000, 0x00000000c3b00000, 0x00000000eab00000)
  object space 60416K, 2% used [0x00000000c0000000,0x00000000c018bfb0,0x00000000c3b00000)
 Metaspace       used 5717K, capacity 6960K, committed 7040K, reserved 1056768K
  class space    used 554K, capacity 616K, committed 640K, reserved 1048576K

Card table byte_map: [0x0000000012030000,0x0000000012240000] byte_map_base: 0x0000000011a30000

Marking Bits: (ParMarkBitMap*) 0x0000000065cbd4f0
 Begin Bits: [0x00000000127a0000, 0x00000000137a0000)
 End Bits:   [0x00000000137a0000, 0x00000000147a0000)

Polling page: 0x0000000001240000

CodeCache: size=245760Kb used=5351Kb max_used=5362Kb free=240408Kb
 bounds [0x0000000002c70000, 0x00000000031c0000, 0x0000000011c70000]
 total_blobs=1573 nmethods=1314 adapters=174
 compilation: enabled

Compilation events (10 events):
Event: 7.341 Thread 0x0000000015393000 nmethod 1311 0x00000000031a9510 code [0x00000000031a96e0, 0x00000000031aa148]
Event: 7.341 Thread 0x0000000015393000 1312       3       com.android.dx.rop.cst.StdConstantPool::get0Ok (12 bytes)
Event: 7.344 Thread 0x0000000015393000 nmethod 1312 0x00000000031ab090 code [0x00000000031ab320, 0x00000000031ac458]
Event: 7.345 Thread 0x0000000015393000 1313       3       com.android.dx.dex.file.MemberIdItem::<init> (14 bytes)
Event: 7.346 Thread 0x0000000015393000 nmethod 1313 0x00000000031a8cd0 code [0x00000000031a8e60, 0x00000000031a92e8]
Event: 7.351 Thread 0x000000001538c800 1314       4       com.android.dx.ssa.SCCP::simulateBranch (666 bytes)
Event: 7.358 Thread 0x000000001533b800 nmethod 1308 0x00000000031b0490 code [0x00000000031b0620, 0x00000000031b0da8]
Event: 7.360 Thread 0x0000000015393000 1315       3       com.android.dx.dex.file.CodeItem::<init> (81 bytes)
Event: 7.361 Thread 0x0000000015393000 nmethod 1315 0x00000000031afc90 code [0x00000000031afe40, 0x00000000031b02f8]
Event: 7.362 Thread 0x000000001533b800 1316   !   4       com.android.dx.cf.code.BytecodeArray::parseInstruction (2764 bytes)

GC Heap History (2 events):
Event: 6.370 GC heap before
{Heap before GC invocations=1 (full 0):
 PSYoungGen      total 26112K, used 22528K [0x00000000eab00000, 0x00000000ec800000, 0x0000000100000000)
  eden space 22528K, 100% used [0x00000000eab00000,0x00000000ec100000,0x00000000ec100000)
  from space 3584K, 0% used [0x00000000ec480000,0x00000000ec480000,0x00000000ec800000)
  to   space 3584K, 0% used [0x00000000ec100000,0x00000000ec100000,0x00000000ec480000)
 ParOldGen       total 60416K, used 0K [0x00000000c0000000, 0x00000000c3b00000, 0x00000000eab00000)
  object space 60416K, 0% used [0x00000000c0000000,0x00000000c0000000,0x00000000c3b00000)
 Metaspace       used 5690K, capacity 6960K, committed 7040K, reserved 1056768K
  class space    used 554K, capacity 616K, committed 640K, reserved 1048576K
Event: 6.528 GC heap after
Heap after GC invocations=1 (full 0):
 PSYoungGen      total 26112K, used 3559K [0x00000000eab00000, 0x00000000ec800000, 0x0000000100000000)
  eden space 22528K, 0% used [0x00000000eab00000,0x00000000eab00000,0x00000000ec100000)
  from space 3584K, 99% used [0x00000000ec100000,0x00000000ec479c88,0x00000000ec480000)
  to   space 3584K, 0% used [0x00000000ec480000,0x00000000ec480000,0x00000000ec800000)
 ParOldGen       total 60416K, used 1583K [0x00000000c0000000, 0x00000000c3b00000, 0x00000000eab00000)
  object space 60416K, 2% used [0x00000000c0000000,0x00000000c018bfb0,0x00000000c3b00000)
 Metaspace       used 5690K, capacity 6960K, committed 7040K, reserved 1056768K
  class space    used 554K, capacity 616K, committed 640K, reserved 1048576K
}

Deoptimization events (8 events):
Event: 3.289 Thread 0x0000000002b71000 Uncommon trap: reason=class_check action=maybe_recompile pc=0x0000000002f9ebec method=com.android.dx.ssa.NormalSsaInsn.accept(Lcom/android/dx/ssa/SsaInsn$Visitor;)V @ 9
Event: 3.289 Thread 0x0000000002b71000 Uncommon trap: reason=class_check action=maybe_recompile pc=0x0000000002f9ebec method=com.android.dx.ssa.NormalSsaInsn.accept(Lcom/android/dx/ssa/SsaInsn$Visitor;)V @ 9
Event: 3.289 Thread 0x0000000002b71000 Uncommon trap: reason=class_check action=maybe_recompile pc=0x0000000002f9ebec method=com.android.dx.ssa.NormalSsaInsn.accept(Lcom/android/dx/ssa/SsaInsn$Visitor;)V @ 9
Event: 3.289 Thread 0x0000000002b71000 Uncommon trap: reason=class_check action=maybe_recompile pc=0x0000000002f9ebec method=com.android.dx.ssa.NormalSsaInsn.accept(Lcom/android/dx/ssa/SsaInsn$Visitor;)V @ 9
Event: 3.290 Thread 0x0000000002b71000 Uncommon trap: reason=class_check action=maybe_recompile pc=0x0000000002f43d70 method=com.android.dx.ssa.NormalSsaInsn.accept(Lcom/android/dx/ssa/SsaInsn$Visitor;)V @ 9
Event: 5.610 Thread 0x0000000002b71000 Uncommon trap: reason=null_check action=make_not_entrant pc=0x0000000003047fa0 method=com.android.dx.rop.type.Type.equals(Ljava/lang/Object;)Z @ 8
Event: 5.612 Thread 0x0000000002b71000 Uncommon trap: reason=null_check action=make_not_entrant pc=0x0000000002ffb61c method=com.android.dx.ssa.SsaRenamer.getLocalForNewReg(I)Lcom/android/dx/rop/code/LocalItem; @ 19
Event: 5.613 Thread 0x0000000002b71000 Uncommon trap: reason=null_check action=make_not_entrant pc=0x00000000030082c0 method=com.android.dx.ssa.SsaRenamer.getLocalForNewReg(I)Lcom/android/dx/rop/code/LocalItem; @ 19

Internal exceptions (10 events):
Event: 3.091 Thread 0x0000000002b71000 Exception <a 'java/security/PrivilegedActionException'> (0x00000000eb5c7b18) thrown at [C:\workspace\8-2-build-windows-amd64-cygwin\jdk8u31\2394\hotspot\src\share\vm\prims\jvm.cpp, line 1312]
Event: 3.092 Thread 0x0000000002b71000 Exception <a 'java/security/PrivilegedActionException'> (0x00000000eb5cd5c0) thrown at [C:\workspace\8-2-build-windows-amd64-cygwin\jdk8u31\2394\hotspot\src\share\vm\prims\jvm.cpp, line 1312]
Event: 3.094 Thread 0x0000000002b71000 Exception <a 'java/security/PrivilegedActionException'> (0x00000000eb5d2e10) thrown at [C:\workspace\8-2-build-windows-amd64-cygwin\jdk8u31\2394\hotspot\src\share\vm\prims\jvm.cpp, line 1312]
Event: 3.096 Thread 0x0000000002b71000 Exception <a 'java/security/PrivilegedActionException'> (0x00000000eb5d7f38) thrown at [C:\workspace\8-2-build-windows-amd64-cygwin\jdk8u31\2394\hotspot\src\share\vm\prims\jvm.cpp, line 1312]
Event: 3.164 Thread 0x0000000002b71000 Exception <a 'java/security/PrivilegedActionException'> (0x00000000eb61f1d8) thrown at [C:\workspace\8-2-build-windows-amd64-cygwin\jdk8u31\2394\hotspot\src\share\vm\prims\jvm.cpp, line 1312]
Event: 5.129 Thread 0x0000000002b71000 Exception <a 'java/security/PrivilegedActionException'> (0x00000000ebbe6378) thrown at [C:\workspace\8-2-build-windows-amd64-cygwin\jdk8u31\2394\hotspot\src\share\vm\prims\jvm.cpp, line 1312]
Event: 5.610 Thread 0x0000000002b71000 Implicit null exception at 0x0000000003047ea2 to 0x0000000003047f92
Event: 5.612 Thread 0x0000000002b71000 Implicit null exception at 0x0000000002ff932e to 0x0000000002ffb5f5
Event: 5.613 Thread 0x0000000002b71000 Implicit null exception at 0x0000000003005f9d to 0x000000000300829d
Event: 5.751 Thread 0x0000000002b71000 Exception <a 'java/security/PrivilegedActionException'> (0x00000000ebf09640) thrown at [C:\workspace\8-2-build-windows-amd64-cygwin\jdk8u31\2394\hotspot\src\share\vm\prims\jvm.cpp, line 1312]

Events (10 events):
Event: 5.612 Thread 0x0000000002b71000 Uncommon trap: trap_request=0xfffffff4 fr.pc=0x0000000002ffb61c
Event: 5.613 Thread 0x0000000002b71000 DEOPT PACKING pc=0x0000000002ffb61c sp=0x0000000002b6e9b0
Event: 5.613 Thread 0x0000000002b71000 DEOPT UNPACKING pc=0x0000000002cb556a sp=0x0000000002b6e7e8 mode 2
Event: 5.613 Thread 0x0000000002b71000 Uncommon trap: trap_request=0xfffffff4 fr.pc=0x00000000030082c0
Event: 5.613 Thread 0x0000000002b71000 DEOPT PACKING pc=0x00000000030082c0 sp=0x0000000002b6e930
Event: 5.613 Thread 0x0000000002b71000 DEOPT UNPACKING pc=0x0000000002cb556a sp=0x0000000002b6e7d8 mode 2
Event: 5.751 loading class com/android/dx/cf/attrib/AttLocalVariableTypeTable
Event: 5.751 loading class com/android/dx/cf/attrib/AttLocalVariableTypeTable done
Event: 6.369 Executing VM operation: ParallelGCFailedAllocation
Event: 6.528 Executing VM operation: ParallelGCFailedAllocation done


Dynamic libraries:
0x00007ff7d7020000 - 0x00007ff7d7054000 	C:\Program Files\Java\jdk1.8.0_31\bin\java.exe
0x00007ffcbc7e0000 - 0x00007ffcbc98a000 	C:\WINDOWS\SYSTEM32\ntdll.dll
0x00007ffcba5d0000 - 0x00007ffcba70a000 	C:\WINDOWS\system32\KERNEL32.DLL
0x00007ffcb9d70000 - 0x00007ffcb9e7f000 	C:\WINDOWS\system32\KERNELBASE.dll
0x00007ffcb8780000 - 0x00007ffcb8808000 	C:\WINDOWS\system32\apphelp.dll
0x00007ffcad910000 - 0x00007ffcad95f000 	C:\WINDOWS\AppPatch\AppPatch64\AcGenral.DLL
0x00007ffcbc470000 - 0x00007ffcbc517000 	C:\WINDOWS\system32\msvcrt.dll
0x00007ffcb9990000 - 0x00007ffcb99bb000 	C:\WINDOWS\SYSTEM32\SspiCli.dll
0x00007ffcba060000 - 0x00007ffcba0b1000 	C:\WINDOWS\system32\SHLWAPI.dll
0x00007ffcba450000 - 0x00007ffcba5c1000 	C:\WINDOWS\system32\USER32.dll
0x00007ffcba9a0000 - 0x00007ffcbab18000 	C:\WINDOWS\system32\ole32.dll
0x00007ffcbaca0000 - 0x00007ffcbc0c0000 	C:\WINDOWS\system32\SHELL32.dll
0x00007ffcb91c0000 - 0x00007ffcb91de000 	C:\WINDOWS\SYSTEM32\USERENV.dll
0x00007ffcba260000 - 0x00007ffcba305000 	C:\WINDOWS\system32\ADVAPI32.dll
0x00007ffcb28d0000 - 0x00007ffcb28eb000 	C:\WINDOWS\SYSTEM32\MPR.dll
0x00007ffcbab60000 - 0x00007ffcbac97000 	C:\WINDOWS\system32\RPCRT4.dll
0x00007ffcbc0d0000 - 0x00007ffcbc127000 	C:\WINDOWS\SYSTEM32\sechost.dll
0x00007ffcbc5a0000 - 0x00007ffcbc776000 	C:\WINDOWS\SYSTEM32\combase.dll
0x00007ffcbc160000 - 0x00007ffcbc2a4000 	C:\WINDOWS\system32\GDI32.dll
0x00007ffcb9b50000 - 0x00007ffcb9b64000 	C:\WINDOWS\SYSTEM32\profapi.dll
0x00007ffcb7ff0000 - 0x00007ffcb808f000 	C:\WINDOWS\SYSTEM32\SHCORE.dll
0x00007ffcbab20000 - 0x00007ffcbab54000 	C:\WINDOWS\system32\IMM32.DLL
0x00007ffcba310000 - 0x00007ffcba449000 	C:\WINDOWS\system32\MSCTF.dll
0x00007ffcb7650000 - 0x00007ffcb78aa000 	C:\WINDOWS\WinSxS\amd64_microsoft.windows.common-controls_6595b64144ccf1df_6.0.9600.17031_none_6242a4b3ecbb55a1\COMCTL32.dll
0x0000000065400000 - 0x00000000654d2000 	C:\Program Files\Java\jdk1.8.0_31\jre\bin\msvcr100.dll
0x00000000654e0000 - 0x0000000065d3a000 	C:\Program Files\Java\jdk1.8.0_31\jre\bin\server\jvm.dll
0x00007ffcb5af0000 - 0x00007ffcb5af9000 	C:\WINDOWS\SYSTEM32\WSOCK32.dll
0x00007ffcb7e60000 - 0x00007ffcb7e7f000 	C:\WINDOWS\SYSTEM32\WINMM.dll
0x00007ffcbc150000 - 0x00007ffcbc157000 	C:\WINDOWS\system32\PSAPI.DLL
0x00007ffcbc350000 - 0x00007ffcbc3a8000 	C:\WINDOWS\system32\WS2_32.dll
0x00007ffcb7620000 - 0x00007ffcb764a000 	C:\WINDOWS\SYSTEM32\WINMMBASE.dll
0x00007ffcbc140000 - 0x00007ffcbc149000 	C:\WINDOWS\system32\NSI.dll
0x00007ffcb9c70000 - 0x00007ffcb9cba000 	C:\WINDOWS\SYSTEM32\cfgmgr32.dll
0x00007ffcb89e0000 - 0x00007ffcb8a06000 	C:\WINDOWS\SYSTEM32\DEVOBJ.dll
0x00000000653f0000 - 0x00000000653ff000 	C:\Program Files\Java\jdk1.8.0_31\jre\bin\verify.dll
0x00000000653c0000 - 0x00000000653e8000 	C:\Program Files\Java\jdk1.8.0_31\jre\bin\java.dll
0x00000000653a0000 - 0x00000000653b6000 	C:\Program Files\Java\jdk1.8.0_31\jre\bin\zip.dll

VM Arguments:
jvm_args: -Xmx1024M -Dfile.encoding=windows-1252 -Duser.country=IN -Duser.language=en -Duser.variant 
java_command: com.android.dx.command.Main --dex --output B:\Sunshine8_Sun_1702\app\build\intermediates\pre-dexed\debug\internal_impl-22.2.1-8a14ee554f60a7797af117b531be0da586fae73a.jar B:\Sunshine8_Sun_1702\app\build\intermediates\exploded-aar\com.android.support\support-v4\22.2.1\libs\internal_impl-22.2.1.jar
java_class_path (initial): C:\Users\Abhishek\AppData\Local\Android\sdk1\build-tools\21.1.2\lib\dx.jar
Launcher Type: SUN_STANDARD

Environment Variables:
JAVA_HOME=C:\Program Files\Java\jdk1.8.0_31
JRE_HOME=C:\Program Files\Java\jre1.8.0_31
PATH=C:\Program Files (x86)\PC Connectivity Solution\;C:\WINDOWS\system32;C:\WINDOWS;C:\WINDOWS\System32\Wbem;C:\WINDOWS\System32\WindowsPowerShell\v1.0\;C:\jdk1.7.0_21\bin;C:\HashiCorp\Vagrant\bin;C:\Program Files (x86)\Skype\Phone\
USERNAME=Abhishek
OS=Windows_NT
PROCESSOR_IDENTIFIER=AMD64 Family 21 Model 16 Stepping 1, AuthenticAMD



---------------  S Y S T E M  ---------------

OS: Windows 8.1 , 64 bit Build 9600 

CPU:total 4 (4 cores per cpu, 1 threads per core) family 21 model 16 stepping 1, cmov, cx8, fxsr, mmx, sse, sse2, sse3, ssse3, sse4.1, sse4.2, popcnt, avx, aes, clmul, mmxext, 3dnowpref, lzcnt, sse4a, tsc, tscinvbit, tscinv, bmi1

Memory: 4k page, physical 5728520k(1804696k free), swap 8874248k(5660k free)

vm_info: Java HotSpot(TM) 64-Bit Server VM (25.31-b07) for windows-amd64 JRE (1.8.0_31-b13), built on Dec 17 2014 21:00:28 by "java_re" with MS VC++ 10.0 (VS2010)

time: Sun Aug 02 21:04:03 2015
elapsed time: 7 seconds (0d 0h 0m 7s)

