#
# There is insufficient memory for the Java Runtime Environment to continue.
# Native memory allocation (malloc) failed to allocate 131088 bytes for Chunk::new
# Possible reasons:
#   The system is out of physical RAM or swap space
#   In 32 bit mode, the process size limit was hit
# Possible solutions:
#   Reduce memory load on the system
#   Increase physical memory or swap space
#   Check if swap backing store is full
#   Use 64 bit Java on a 64 bit OS
#   Decrease Java heap size (-Xmx/-Xms)
#   Decrease number of Java threads
#   Decrease Java thread stack sizes (-Xss)
#   Set larger code cache with -XX:ReservedCodeCacheSize=
# This output file may be truncated or incomplete.
#
#  Out of Memory Error (allocation.cpp:390), pid=54316, tid=2492
#
# JRE version: Java(TM) SE Runtime Environment (8.0_31-b13) (build 1.8.0_31-b13)
# Java VM: Java HotSpot(TM) 64-Bit Server VM (25.31-b07 mixed mode windows-amd64 compressed oops)
# Failed to write core dump. Minidumps are not enabled by default on client versions of Windows
#

---------------  T H R E A D  ---------------

Current thread (0x000000001452c800):  JavaThread "C2 CompilerThread0" daemon [_thread_in_native, id=2492, stack(0x0000000015a90000,0x0000000015b90000)]

Stack: [0x0000000015a90000,0x0000000015b90000]
Native frames: (J=compiled Java code, j=interpreted, Vv=VM code, C=native code)
V  [jvm.dll+0x3169ba]


Current CompileTask:
C2:   9553 1403       4       com.android.dx.rop.code.Rops::ropFor (771 bytes)


---------------  P R O C E S S  ---------------

Java Threads: ( => current thread )
  0x000000001458b000 JavaThread "Service Thread" daemon [_thread_blocked, id=53232, stack(0x0000000015d90000,0x0000000015e90000)]
  0x0000000014584000 JavaThread "C1 CompilerThread2" daemon [_thread_blocked, id=46852, stack(0x0000000015c90000,0x0000000015d90000)]
  0x000000001457e000 JavaThread "C2 CompilerThread1" daemon [_thread_in_native, id=7992, stack(0x0000000015b90000,0x0000000015c90000)]
=>0x000000001452c800 JavaThread "C2 CompilerThread0" daemon [_thread_in_native, id=2492, stack(0x0000000015a90000,0x0000000015b90000)]
  0x000000001452a800 JavaThread "Attach Listener" daemon [_thread_blocked, id=54424, stack(0x0000000015990000,0x0000000015a90000)]
  0x0000000014529800 JavaThread "Signal Dispatcher" daemon [_thread_blocked, id=49268, stack(0x0000000015890000,0x0000000015990000)]
  0x0000000001e25800 JavaThread "Finalizer" daemon [_thread_blocked, id=53692, stack(0x0000000015780000,0x0000000015880000)]
  0x0000000001e1b800 JavaThread "Reference Handler" daemon [_thread_blocked, id=49352, stack(0x0000000015680000,0x0000000015780000)]
  0x0000000001d31000 JavaThread "main" [_thread_in_Java, id=52980, stack(0x0000000001c20000,0x0000000001d20000)]

Other Threads:
  0x00000000144f7800 VMThread [stack: 0x0000000015580000,0x0000000015680000] [id=53944]
  0x000000001458e000 WatcherThread [stack: 0x0000000015e90000,0x0000000015f90000] [id=53360]

VM state:not at safepoint (normal execution)

VM Mutex/Monitor currently owned by a thread: None

Heap:
 PSYoungGen      total 26112K, used 18559K [0x00000000eab00000, 0x00000000ede00000, 0x0000000100000000)
  eden space 22528K, 66% used [0x00000000eab00000,0x00000000eb9a6068,0x00000000ec100000)
  from space 3584K, 99% used [0x00000000ec100000,0x00000000ec479c98,0x00000000ec480000)
  to   space 3584K, 0% used [0x00000000eda80000,0x00000000eda80000,0x00000000ede00000)
 ParOldGen       total 60416K, used 1770K [0x00000000c0000000, 0x00000000c3b00000, 0x00000000eab00000)
  object space 60416K, 2% used [0x00000000c0000000,0x00000000c01ba898,0x00000000c3b00000)
 Metaspace       used 5770K, capacity 7024K, committed 7296K, reserved 1056768K
  class space    used 558K, capacity 616K, committed 640K, reserved 1048576K

Card table byte_map: [0x0000000011200000,0x0000000011410000] byte_map_base: 0x0000000010c00000

Marking Bits: (ParMarkBitMap*) 0x0000000065cbd4f0
 Begin Bits: [0x0000000011970000, 0x0000000012970000)
 End Bits:   [0x0000000012970000, 0x0000000013970000)

Polling page: 0x0000000000390000

CodeCache: size=245760Kb used=5884Kb max_used=5884Kb free=239875Kb
 bounds [0x0000000001e40000, 0x0000000002410000, 0x0000000010e40000]
 total_blobs=1660 nmethods=1401 adapters=174
 compilation: enabled

Compilation events (10 events):
Event: 9.461 Thread 0x000000001452c800 nmethod 1398 0x00000000023cde50 code [0x00000000023cdf80, 0x00000000023ce038]
Event: 9.461 Thread 0x0000000014584000 1399       1       com.android.dx.rop.cst.TypedConstant::isConstant (2 bytes)
Event: 9.461 Thread 0x0000000014584000 nmethod 1399 0x00000000023cdb90 code [0x00000000023cdce0, 0x00000000023cddf0]
Event: 9.462 Thread 0x0000000014584000 1400       3       com.android.dx.ssa.SsaBasicBlock::addMoveToEnd (172 bytes)
Event: 9.467 Thread 0x0000000014584000 nmethod 1400 0x00000000023fd410 code [0x00000000023fd780, 0x00000000023ff608]
Event: 9.470 Thread 0x0000000014584000 1401       3       com.android.dx.ssa.PhiInsn::getOpcode (2 bytes)
Event: 9.471 Thread 0x0000000014584000 nmethod 1401 0x00000000023cd850 code [0x00000000023cd9a0, 0x00000000023cdaf0]
Event: 9.471 Thread 0x0000000014584000 1402       3       com.android.dx.ssa.back.FirstFitLocalCombiningAllocator::handleCheckCastResults (413 bytes)
Event: 9.480 Thread 0x0000000014584000 nmethod 1402 0x0000000002400a50 code [0x0000000002401000, 0x0000000002404e78]
Event: 9.485 Thread 0x000000001452c800 1403       4       com.android.dx.rop.code.Rops::ropFor (771 bytes)

GC Heap History (2 events):
Event: 5.990 GC heap before
{Heap before GC invocations=1 (full 0):
 PSYoungGen      total 26112K, used 22528K [0x00000000eab00000, 0x00000000ec800000, 0x0000000100000000)
  eden space 22528K, 100% used [0x00000000eab00000,0x00000000ec100000,0x00000000ec100000)
  from space 3584K, 0% used [0x00000000ec480000,0x00000000ec480000,0x00000000ec800000)
  to   space 3584K, 0% used [0x00000000ec100000,0x00000000ec100000,0x00000000ec480000)
 ParOldGen       total 60416K, used 0K [0x00000000c0000000, 0x00000000c3b00000, 0x00000000eab00000)
  object space 60416K, 0% used [0x00000000c0000000,0x00000000c0000000,0x00000000c3b00000)
 Metaspace       used 5659K, capacity 6896K, committed 7040K, reserved 1056768K
  class space    used 554K, capacity 616K, committed 640K, reserved 1048576K
Event: 6.073 GC heap after
Heap after GC invocations=1 (full 0):
 PSYoungGen      total 26112K, used 3559K [0x00000000eab00000, 0x00000000ede00000, 0x0000000100000000)
  eden space 22528K, 0% used [0x00000000eab00000,0x00000000eab00000,0x00000000ec100000)
  from space 3584K, 99% used [0x00000000ec100000,0x00000000ec479c98,0x00000000ec480000)
  to   space 3584K, 0% used [0x00000000eda80000,0x00000000eda80000,0x00000000ede00000)
 ParOldGen       total 60416K, used 1770K [0x00000000c0000000, 0x00000000c3b00000, 0x00000000eab00000)
  object space 60416K, 2% used [0x00000000c0000000,0x00000000c01ba898,0x00000000c3b00000)
 Metaspace       used 5659K, capacity 6896K, committed 7040K, reserved 1056768K
  class space    used 554K, capacity 616K, committed 640K, reserved 1048576K
}

Deoptimization events (6 events):
Event: 4.899 Thread 0x0000000001d31000 Uncommon trap: reason=bimorphic action=maybe_recompile pc=0x00000000020e6e90 method=java.util.HashMap.getNode(ILjava/lang/Object;)Ljava/util/HashMap$Node; @ 126
Event: 4.899 Thread 0x0000000001d31000 Uncommon trap: reason=bimorphic action=maybe_recompile pc=0x00000000020e6e90 method=java.util.HashMap.getNode(ILjava/lang/Object;)Ljava/util/HashMap$Node; @ 126
Event: 4.899 Thread 0x0000000001d31000 Uncommon trap: reason=bimorphic action=maybe_recompile pc=0x00000000020e6e90 method=java.util.HashMap.getNode(ILjava/lang/Object;)Ljava/util/HashMap$Node; @ 126
Event: 4.899 Thread 0x0000000001d31000 Uncommon trap: reason=bimorphic action=maybe_recompile pc=0x00000000020e6e90 method=java.util.HashMap.getNode(ILjava/lang/Object;)Ljava/util/HashMap$Node; @ 126
Event: 4.900 Thread 0x0000000001d31000 Uncommon trap: reason=unreached action=reinterpret pc=0x000000000223629c method=com.android.dx.rop.cst.Constant.compareTo(Lcom/android/dx/rop/cst/Constant;)I @ 12
Event: 4.959 Thread 0x0000000001d31000 Uncommon trap: reason=bimorphic action=maybe_recompile pc=0x00000000020733d0 method=java.util.HashMap.getNode(ILjava/lang/Object;)Ljava/util/HashMap$Node; @ 126

Internal exceptions (10 events):
Event: 3.753 Thread 0x0000000001d31000 Exception <a 'java/security/PrivilegedActionException'> (0x00000000eb70a580) thrown at [C:\workspace\8-2-build-windows-amd64-cygwin\jdk8u31\2394\hotspot\src\share\vm\prims\jvm.cpp, line 1312]
Event: 4.861 Thread 0x0000000001d31000 Exception <a 'java/security/PrivilegedActionException'> (0x00000000ebac30d0) thrown at [C:\workspace\8-2-build-windows-amd64-cygwin\jdk8u31\2394\hotspot\src\share\vm\prims\jvm.cpp, line 1312]
Event: 4.877 Thread 0x0000000001d31000 Exception <a 'java/security/PrivilegedActionException'> (0x00000000ebafac80) thrown at [C:\workspace\8-2-build-windows-amd64-cygwin\jdk8u31\2394\hotspot\src\share\vm\prims\jvm.cpp, line 1312]
Event: 4.887 Thread 0x0000000001d31000 Exception <a 'java/security/PrivilegedActionException'> (0x00000000ebb204b8) thrown at [C:\workspace\8-2-build-windows-amd64-cygwin\jdk8u31\2394\hotspot\src\share\vm\prims\jvm.cpp, line 1312]
Event: 6.155 Thread 0x0000000001d31000 Exception <a 'java/security/PrivilegedActionException'> (0x00000000eacab618) thrown at [C:\workspace\8-2-build-windows-amd64-cygwin\jdk8u31\2394\hotspot\src\share\vm\prims\jvm.cpp, line 1312]
Event: 6.169 Thread 0x0000000001d31000 Exception <a 'java/security/PrivilegedActionException'> (0x00000000eacade28) thrown at [C:\workspace\8-2-build-windows-amd64-cygwin\jdk8u31\2394\hotspot\src\share\vm\prims\jvm.cpp, line 1312]
Event: 6.255 Thread 0x0000000001d31000 Exception <a 'java/security/PrivilegedActionException'> (0x00000000ead8cd08) thrown at [C:\workspace\8-2-build-windows-amd64-cygwin\jdk8u31\2394\hotspot\src\share\vm\prims\jvm.cpp, line 1312]
Event: 6.256 Thread 0x0000000001d31000 Exception <a 'java/security/PrivilegedActionException'> (0x00000000ead927b0) thrown at [C:\workspace\8-2-build-windows-amd64-cygwin\jdk8u31\2394\hotspot\src\share\vm\prims\jvm.cpp, line 1312]
Event: 6.257 Thread 0x0000000001d31000 Exception <a 'java/security/PrivilegedActionException'> (0x00000000ead97fc0) thrown at [C:\workspace\8-2-build-windows-amd64-cygwin\jdk8u31\2394\hotspot\src\share\vm\prims\jvm.cpp, line 1312]
Event: 9.456 Thread 0x0000000001d31000 Exception <a 'java/security/PrivilegedActionException'> (0x00000000eb8e5638) thrown at [C:\workspace\8-2-build-windows-amd64-cygwin\jdk8u31\2394\hotspot\src\share\vm\prims\jvm.cpp, line 1312]

Events (10 events):
Event: 6.255 loading class com/android/dx/dex/file/ParameterAnnotationStruct
Event: 6.255 loading class com/android/dx/dex/file/ParameterAnnotationStruct done
Event: 6.256 loading class com/android/dx/dex/file/UniformListItem
Event: 6.256 loading class com/android/dx/dex/file/UniformListItem done
Event: 6.257 loading class com/android/dx/dex/file/AnnotationSetRefItem
Event: 6.257 loading class com/android/dx/dex/file/AnnotationSetRefItem done
Event: 6.744 Thread 0x0000000001d31000 DEOPT PACKING pc=0x00000000021819a5 sp=0x0000000001d1e9e0
Event: 6.744 Thread 0x0000000001d31000 DEOPT UNPACKING pc=0x0000000001e871bf sp=0x0000000001d1e778 mode 0
Event: 9.456 loading class com/android/dx/rop/code/RegisterSpec$1
Event: 9.456 loading class com/android/dx/rop/code/RegisterSpec$1 done


Dynamic libraries:
0x00007ff7d7020000 - 0x00007ff7d7054000 	C:\Program Files\Java\jdk1.8.0_31\bin\java.exe
0x00007ffcbc7e0000 - 0x00007ffcbc98a000 	C:\WINDOWS\SYSTEM32\ntdll.dll
0x00007ffcba5d0000 - 0x00007ffcba70a000 	C:\WINDOWS\system32\KERNEL32.DLL
0x00007ffcb9d70000 - 0x00007ffcb9e7f000 	C:\WINDOWS\system32\KERNELBASE.dll
0x00007ffcb8780000 - 0x00007ffcb8808000 	C:\WINDOWS\system32\apphelp.dll
0x00007ffcaf510000 - 0x00007ffcaf55f000 	C:\WINDOWS\AppPatch\AppPatch64\AcGenral.DLL
0x00007ffcbc470000 - 0x00007ffcbc517000 	C:\WINDOWS\system32\msvcrt.dll
0x00007ffcb9990000 - 0x00007ffcb99bb000 	C:\WINDOWS\SYSTEM32\SspiCli.dll
0x00007ffcba060000 - 0x00007ffcba0b1000 	C:\WINDOWS\system32\SHLWAPI.dll
0x00007ffcba450000 - 0x00007ffcba5c1000 	C:\WINDOWS\system32\USER32.dll
0x00007ffcba9a0000 - 0x00007ffcbab18000 	C:\WINDOWS\system32\ole32.dll
0x00007ffcbaca0000 - 0x00007ffcbc0c0000 	C:\WINDOWS\system32\SHELL32.dll
0x00007ffcb91c0000 - 0x00007ffcb91de000 	C:\WINDOWS\SYSTEM32\USERENV.dll
0x00007ffcba260000 - 0x00007ffcba305000 	C:\WINDOWS\system32\ADVAPI32.dll
0x00007ffcb28d0000 - 0x00007ffcb28eb000 	C:\WINDOWS\SYSTEM32\MPR.dll
0x00007ffcbab60000 - 0x00007ffcbac97000 	C:\WINDOWS\system32\RPCRT4.dll
0x00007ffcbc0d0000 - 0x00007ffcbc127000 	C:\WINDOWS\SYSTEM32\sechost.dll
0x00007ffcbc5a0000 - 0x00007ffcbc776000 	C:\WINDOWS\SYSTEM32\combase.dll
0x00007ffcbc160000 - 0x00007ffcbc2a4000 	C:\WINDOWS\system32\GDI32.dll
0x00007ffcb9b50000 - 0x00007ffcb9b64000 	C:\WINDOWS\SYSTEM32\profapi.dll
0x00007ffcb7ff0000 - 0x00007ffcb808f000 	C:\WINDOWS\SYSTEM32\SHCORE.dll
0x00007ffcbab20000 - 0x00007ffcbab54000 	C:\WINDOWS\system32\IMM32.DLL
0x00007ffcba310000 - 0x00007ffcba449000 	C:\WINDOWS\system32\MSCTF.dll
0x00007ffcb7650000 - 0x00007ffcb78aa000 	C:\WINDOWS\WinSxS\amd64_microsoft.windows.common-controls_6595b64144ccf1df_6.0.9600.17031_none_6242a4b3ecbb55a1\COMCTL32.dll
0x0000000065400000 - 0x00000000654d2000 	C:\Program Files\Java\jdk1.8.0_31\jre\bin\msvcr100.dll
0x00000000654e0000 - 0x0000000065d3a000 	C:\Program Files\Java\jdk1.8.0_31\jre\bin\server\jvm.dll
0x00007ffcb5af0000 - 0x00007ffcb5af9000 	C:\WINDOWS\SYSTEM32\WSOCK32.dll
0x00007ffcb7e60000 - 0x00007ffcb7e7f000 	C:\WINDOWS\SYSTEM32\WINMM.dll
0x00007ffcbc150000 - 0x00007ffcbc157000 	C:\WINDOWS\system32\PSAPI.DLL
0x00007ffcbc350000 - 0x00007ffcbc3a8000 	C:\WINDOWS\system32\WS2_32.dll
0x00007ffcb7620000 - 0x00007ffcb764a000 	C:\WINDOWS\SYSTEM32\WINMMBASE.dll
0x00007ffcbc140000 - 0x00007ffcbc149000 	C:\WINDOWS\system32\NSI.dll
0x00007ffcb9c70000 - 0x00007ffcb9cba000 	C:\WINDOWS\SYSTEM32\cfgmgr32.dll
0x00007ffcb89e0000 - 0x00007ffcb8a06000 	C:\WINDOWS\SYSTEM32\DEVOBJ.dll
0x00000000653f0000 - 0x00000000653ff000 	C:\Program Files\Java\jdk1.8.0_31\jre\bin\verify.dll
0x00000000653c0000 - 0x00000000653e8000 	C:\Program Files\Java\jdk1.8.0_31\jre\bin\java.dll
0x00000000653a0000 - 0x00000000653b6000 	C:\Program Files\Java\jdk1.8.0_31\jre\bin\zip.dll

VM Arguments:
jvm_args: -Xmx1024M -Dfile.encoding=windows-1252 -Duser.country=IN -Duser.language=en -Duser.variant 
java_command: com.android.dx.command.Main --dex --output B:\Sunshine8_Sun_1702\app\build\intermediates\pre-dexed\debug\classes-1f9a3d5e31121a0382310a43dfebdbc5f9ab1b7f.jar B:\Sunshine8_Sun_1702\app\build\intermediates\exploded-aar\com.android.support\support-v4\22.2.1\classes.jar
java_class_path (initial): C:\Users\Abhishek\AppData\Local\Android\sdk1\build-tools\21.1.2\lib\dx.jar
Launcher Type: SUN_STANDARD

Environment Variables:
JAVA_HOME=C:\Program Files\Java\jdk1.8.0_31
JRE_HOME=C:\Program Files\Java\jre1.8.0_31
PATH=C:\Program Files (x86)\PC Connectivity Solution\;C:\WINDOWS\system32;C:\WINDOWS;C:\WINDOWS\System32\Wbem;C:\WINDOWS\System32\WindowsPowerShell\v1.0\;C:\jdk1.7.0_21\bin;C:\HashiCorp\Vagrant\bin;C:\Program Files (x86)\Skype\Phone\
USERNAME=Abhishek
OS=Windows_NT
PROCESSOR_IDENTIFIER=AMD64 Family 21 Model 16 Stepping 1, AuthenticAMD



---------------  S Y S T E M  ---------------

OS: Windows 8.1 , 64 bit Build 9600 

CPU:total 4 (4 cores per cpu, 1 threads per core) family 21 model 16 stepping 1, cmov, cx8, fxsr, mmx, sse, sse2, sse3, ssse3, sse4.1, sse4.2, popcnt, avx, aes, clmul, mmxext, 3dnowpref, lzcnt, sse4a, tsc, tscinvbit, tscinv, bmi1

Memory: 4k page, physical 5728520k(1819488k free), swap 8874248k(5140k free)

vm_info: Java HotSpot(TM) 64-Bit Server VM (25.31-b07) for windows-amd64 JRE (1.8.0_31-b13), built on Dec 17 2014 21:00:28 by "java_re" with MS VC++ 10.0 (VS2010)

time: Sun Aug 02 21:02:19 2015
elapsed time: 9 seconds (0d 0h 0m 9s)

