#
# There is insufficient memory for the Java Runtime Environment to continue.
# Native memory allocation (malloc) failed to allocate 569776 bytes for Chunk::new
# Possible reasons:
#   The system is out of physical RAM or swap space
#   In 32 bit mode, the process size limit was hit
# Possible solutions:
#   Reduce memory load on the system
#   Increase physical memory or swap space
#   Check if swap backing store is full
#   Use 64 bit Java on a 64 bit OS
#   Decrease Java heap size (-Xmx/-Xms)
#   Decrease number of Java threads
#   Decrease Java thread stack sizes (-Xss)
#   Set larger code cache with -XX:ReservedCodeCacheSize=
# This output file may be truncated or incomplete.
#
#  Out of Memory Error (allocation.cpp:390), pid=49320, tid=53536
#
# JRE version: Java(TM) SE Runtime Environment (8.0_31-b13) (build 1.8.0_31-b13)
# Java VM: Java HotSpot(TM) 64-Bit Server VM (25.31-b07 mixed mode windows-amd64 compressed oops)
# Failed to write core dump. Minidumps are not enabled by default on client versions of Windows
#

---------------  T H R E A D  ---------------

Current thread (0x0000000014dbb800):  JavaThread "C2 CompilerThread0" daemon [_thread_in_native, id=53536, stack(0x0000000016320000,0x0000000016420000)]

Stack: [0x0000000016320000,0x0000000016420000]
Native frames: (J=compiled Java code, j=interpreted, Vv=VM code, C=native code)
V  [jvm.dll+0x3169ba]
V  [jvm.dll+0x2674c3]
V  [jvm.dll+0x268103]
V  [jvm.dll+0x25f8f5]
V  [jvm.dll+0xbf025]
V  [jvm.dll+0xbf4cc]
V  [jvm.dll+0x4798bc]
V  [jvm.dll+0x446e60]
V  [jvm.dll+0x451bce]
V  [jvm.dll+0x4541b8]
V  [jvm.dll+0x437c62]
V  [jvm.dll+0x988e2]
V  [jvm.dll+0x990d3]
V  [jvm.dll+0x22c194]
V  [jvm.dll+0x28576a]
C  [msvcr100.dll+0x21d9f]
C  [msvcr100.dll+0x21e3b]
C  [KERNEL32.DLL+0x16ad]


Current CompileTask:
C2:   9427 1394       4       com.android.dx.ssa.SsaRenamer$BlockRenamer::process (191 bytes)


---------------  P R O C E S S  ---------------

Java Threads: ( => current thread )
  0x0000000014e1a000 JavaThread "Service Thread" daemon [_thread_blocked, id=53388, stack(0x0000000016620000,0x0000000016720000)]
  0x0000000014e13000 JavaThread "C1 CompilerThread2" daemon [_thread_blocked, id=51868, stack(0x0000000016520000,0x0000000016620000)]
  0x0000000014e0c800 JavaThread "C2 CompilerThread1" daemon [_thread_in_native, id=9872, stack(0x0000000016420000,0x0000000016520000)]
=>0x0000000014dbb800 JavaThread "C2 CompilerThread0" daemon [_thread_in_native, id=53536, stack(0x0000000016320000,0x0000000016420000)]
  0x0000000014db9800 JavaThread "Attach Listener" daemon [_thread_blocked, id=6136, stack(0x0000000016220000,0x0000000016320000)]
  0x0000000014db8800 JavaThread "Signal Dispatcher" daemon [_thread_blocked, id=54228, stack(0x0000000016120000,0x0000000016220000)]
  0x00000000026e4800 JavaThread "Finalizer" daemon [_thread_blocked, id=54684, stack(0x0000000016020000,0x0000000016120000)]
  0x0000000014d88800 JavaThread "Reference Handler" daemon [_thread_blocked, id=54708, stack(0x0000000015f20000,0x0000000016020000)]
  0x00000000025f1000 JavaThread "main" [_thread_in_vm, id=52984, stack(0x00000000024f0000,0x00000000025f0000)]

Other Threads:
  0x0000000014d86800 VMThread [stack: 0x0000000015e20000,0x0000000015f20000] [id=54600]
  0x0000000014e1d000 WatcherThread [stack: 0x0000000016720000,0x0000000016820000] [id=52856]

VM state:not at safepoint (normal execution)

VM Mutex/Monitor currently owned by a thread: None

Heap:
 PSYoungGen      total 26112K, used 13622K [0x00000000eab00000, 0x00000000ec800000, 0x0000000100000000)
  eden space 22528K, 44% used [0x00000000eab00000,0x00000000eb4d2f20,0x00000000ec100000)
  from space 3584K, 99% used [0x00000000ec100000,0x00000000ec47aac8,0x00000000ec480000)
  to   space 3584K, 0% used [0x00000000ec480000,0x00000000ec480000,0x00000000ec800000)
 ParOldGen       total 60416K, used 1648K [0x00000000c0000000, 0x00000000c3b00000, 0x00000000eab00000)
  object space 60416K, 2% used [0x00000000c0000000,0x00000000c019c0e8,0x00000000c3b00000)
 Metaspace       used 5763K, capacity 6960K, committed 7040K, reserved 1056768K
  class space    used 555K, capacity 616K, committed 640K, reserved 1048576K

Card table byte_map: [0x0000000011ab0000,0x0000000011cc0000] byte_map_base: 0x00000000114b0000

Marking Bits: (ParMarkBitMap*) 0x0000000065cbd4f0
 Begin Bits: [0x0000000012220000, 0x0000000013220000)
 End Bits:   [0x0000000013220000, 0x0000000014220000)

Polling page: 0x0000000000cb0000

CodeCache: size=245760Kb used=5832Kb max_used=5832Kb free=239928Kb
 bounds [0x00000000026f0000, 0x0000000002cb0000, 0x00000000116f0000]
 total_blobs=1660 nmethods=1401 adapters=174
 compilation: enabled

Compilation events (10 events):
Event: 8.505 Thread 0x0000000014e13000 nmethod 1390 0x0000000002c7ce90 code [0x0000000002c7cfe0, 0x0000000002c7d0f0]
Event: 8.505 Thread 0x0000000014e13000 1389       3       com.android.dx.rop.cst.CstKnownNull::equals (5 bytes)
Event: 8.506 Thread 0x0000000014e13000 nmethod 1389 0x0000000002c82990 code [0x0000000002c82ae0, 0x0000000002c82d30]
Event: 8.514 Thread 0x0000000014e0c800 1391       4       com.android.dx.ssa.LocalVariableExtractor::processBlock (383 bytes)
Event: 8.804 Thread 0x0000000014e13000 1392       3       com.android.dx.ssa.back.SsaToRop::verifyValidExitPredecessor (53 bytes)
Event: 8.805 Thread 0x0000000014e13000 nmethod 1392 0x0000000002c82dd0 code [0x0000000002c82fa0, 0x0000000002c83798]
Event: 8.813 Thread 0x0000000014e13000 1393       3       com.android.dx.cf.code.RopperMachine::updateReturnOp (115 bytes)
Event: 8.816 Thread 0x0000000014e13000 nmethod 1393 0x0000000002c83c10 code [0x0000000002c83ea0, 0x0000000002c85078]
Event: 8.816 Thread 0x0000000014dbb800 1394       4       com.android.dx.ssa.SsaRenamer$BlockRenamer::process (191 bytes)
Event: 8.881 Thread 0x0000000014e0c800 nmethod 1391 0x0000000002c8b790 code [0x0000000002c8bb80, 0x0000000002c8ed18]

GC Heap History (2 events):
Event: 6.628 GC heap before
{Heap before GC invocations=1 (full 0):
 PSYoungGen      total 26112K, used 22528K [0x00000000eab00000, 0x00000000ec800000, 0x0000000100000000)
  eden space 22528K, 100% used [0x00000000eab00000,0x00000000ec100000,0x00000000ec100000)
  from space 3584K, 0% used [0x00000000ec480000,0x00000000ec480000,0x00000000ec800000)
  to   space 3584K, 0% used [0x00000000ec100000,0x00000000ec100000,0x00000000ec480000)
 ParOldGen       total 60416K, used 0K [0x00000000c0000000, 0x00000000c3b00000, 0x00000000eab00000)
  object space 60416K, 0% used [0x00000000c0000000,0x00000000c0000000,0x00000000c3b00000)
 Metaspace       used 5690K, capacity 6896K, committed 7040K, reserved 1056768K
  class space    used 555K, capacity 616K, committed 640K, reserved 1048576K
Event: 6.677 GC heap after
Heap after GC invocations=1 (full 0):
 PSYoungGen      total 26112K, used 3562K [0x00000000eab00000, 0x00000000ec800000, 0x0000000100000000)
  eden space 22528K, 0% used [0x00000000eab00000,0x00000000eab00000,0x00000000ec100000)
  from space 3584K, 99% used [0x00000000ec100000,0x00000000ec47aac8,0x00000000ec480000)
  to   space 3584K, 0% used [0x00000000ec480000,0x00000000ec480000,0x00000000ec800000)
 ParOldGen       total 60416K, used 1648K [0x00000000c0000000, 0x00000000c3b00000, 0x00000000eab00000)
  object space 60416K, 2% used [0x00000000c0000000,0x00000000c019c0e8,0x00000000c3b00000)
 Metaspace       used 5690K, capacity 6896K, committed 7040K, reserved 1056768K
  class space    used 555K, capacity 616K, committed 640K, reserved 1048576K
}

Deoptimization events (5 events):
Event: 4.828 Thread 0x00000000025f1000 Uncommon trap: reason=unreached action=reinterpret pc=0x0000000002a9cf9c method=com.android.dx.rop.cst.Constant.compareTo(Lcom/android/dx/rop/cst/Constant;)I @ 12
Event: 5.339 Thread 0x00000000025f1000 Uncommon trap: reason=unreached action=reinterpret pc=0x0000000002aaad50 method=com.android.dx.rop.code.LocalItem.hashCode()I @ 25
Event: 5.351 Thread 0x00000000025f1000 Uncommon trap: reason=unreached action=reinterpret pc=0x0000000002aa7758 method=com.android.dx.rop.code.LocalItem.hashCode()I @ 25
Event: 5.840 Thread 0x00000000025f1000 Uncommon trap: reason=bimorphic action=maybe_recompile pc=0x0000000002a0acd4 method=java.util.HashMap.getNode(ILjava/lang/Object;)Ljava/util/HashMap$Node; @ 126
Event: 7.592 Thread 0x00000000025f1000 Uncommon trap: reason=unreached action=reinterpret pc=0x0000000002bfe5a8 method=com.android.dx.ssa.SCCP.simulateStmt(Lcom/android/dx/ssa/SsaInsn;)V @ 418

Internal exceptions (10 events):
Event: 3.748 Thread 0x00000000025f1000 Exception <a 'java/security/PrivilegedActionException'> (0x00000000eb69aa48) thrown at [C:\workspace\8-2-build-windows-amd64-cygwin\jdk8u31\2394\hotspot\src\share\vm\prims\jvm.cpp, line 1312]
Event: 3.945 Thread 0x00000000025f1000 Exception <a 'java/security/PrivilegedActionException'> (0x00000000eb71b298) thrown at [C:\workspace\8-2-build-windows-amd64-cygwin\jdk8u31\2394\hotspot\src\share\vm\prims\jvm.cpp, line 1312]
Event: 4.025 Thread 0x00000000025f1000 Exception <a 'java/security/PrivilegedActionException'> (0x00000000eb7a8ab0) thrown at [C:\workspace\8-2-build-windows-amd64-cygwin\jdk8u31\2394\hotspot\src\share\vm\prims\jvm.cpp, line 1312]
Event: 4.026 Thread 0x00000000025f1000 Exception <a 'java/security/PrivilegedActionException'> (0x00000000eb7ab0b0) thrown at [C:\workspace\8-2-build-windows-amd64-cygwin\jdk8u31\2394\hotspot\src\share\vm\prims\jvm.cpp, line 1312]
Event: 4.290 Thread 0x00000000025f1000 Exception <a 'java/security/PrivilegedActionException'> (0x00000000eb8736b8) thrown at [C:\workspace\8-2-build-windows-amd64-cygwin\jdk8u31\2394\hotspot\src\share\vm\prims\jvm.cpp, line 1312]
Event: 4.352 Thread 0x00000000025f1000 Exception <a 'java/security/PrivilegedActionException'> (0x00000000eb8ad248) thrown at [C:\workspace\8-2-build-windows-amd64-cygwin\jdk8u31\2394\hotspot\src\share\vm\prims\jvm.cpp, line 1312]
Event: 4.364 Thread 0x00000000025f1000 Exception <a 'java/security/PrivilegedActionException'> (0x00000000eb8bb250) thrown at [C:\workspace\8-2-build-windows-amd64-cygwin\jdk8u31\2394\hotspot\src\share\vm\prims\jvm.cpp, line 1312]
Event: 5.305 Thread 0x00000000025f1000 Exception <a 'java/security/PrivilegedActionException'> (0x00000000ebc18770) thrown at [C:\workspace\8-2-build-windows-amd64-cygwin\jdk8u31\2394\hotspot\src\share\vm\prims\jvm.cpp, line 1312]
Event: 5.364 Thread 0x00000000025f1000 Exception <a 'java/security/PrivilegedActionException'> (0x00000000ebc54850) thrown at [C:\workspace\8-2-build-windows-amd64-cygwin\jdk8u31\2394\hotspot\src\share\vm\prims\jvm.cpp, line 1312]
Event: 6.105 Thread 0x00000000025f1000 Exception <a 'java/security/PrivilegedActionException'> (0x00000000ebf31ff0) thrown at [C:\workspace\8-2-build-windows-amd64-cygwin\jdk8u31\2394\hotspot\src\share\vm\prims\jvm.cpp, line 1312]

Events (10 events):
Event: 5.840 Thread 0x00000000025f1000 Uncommon trap: trap_request=0xffffffc6 fr.pc=0x0000000002a0acd4
Event: 5.840 Thread 0x00000000025f1000 DEOPT PACKING pc=0x0000000002a0acd4 sp=0x00000000025ee4c0
Event: 5.840 Thread 0x00000000025f1000 DEOPT UNPACKING pc=0x000000000273556a sp=0x00000000025ee3e8 mode 2
Event: 6.105 loading class com/android/dx/cf/code/SwitchList
Event: 6.105 loading class com/android/dx/cf/code/SwitchList done
Event: 6.628 Executing VM operation: ParallelGCFailedAllocation
Event: 6.677 Executing VM operation: ParallelGCFailedAllocation done
Event: 7.592 Thread 0x00000000025f1000 Uncommon trap: trap_request=0xffffffad fr.pc=0x0000000002bfe5a8
Event: 7.592 Thread 0x00000000025f1000 DEOPT PACKING pc=0x0000000002bfe5a8 sp=0x00000000025ee480
Event: 7.592 Thread 0x00000000025f1000 DEOPT UNPACKING pc=0x000000000273556a sp=0x00000000025ee460 mode 2


Dynamic libraries:
0x00007ff7d7020000 - 0x00007ff7d7054000 	C:\Program Files\Java\jdk1.8.0_31\bin\java.exe
0x00007ffcbc7e0000 - 0x00007ffcbc98a000 	C:\WINDOWS\SYSTEM32\ntdll.dll
0x00007ffcba5d0000 - 0x00007ffcba70a000 	C:\WINDOWS\system32\KERNEL32.DLL
0x00007ffcb9d70000 - 0x00007ffcb9e7f000 	C:\WINDOWS\system32\KERNELBASE.dll
0x00007ffcb8780000 - 0x00007ffcb8808000 	C:\WINDOWS\system32\apphelp.dll
0x00007ffcaf510000 - 0x00007ffcaf55f000 	C:\WINDOWS\AppPatch\AppPatch64\AcGenral.DLL
0x00007ffcbc470000 - 0x00007ffcbc517000 	C:\WINDOWS\system32\msvcrt.dll
0x00007ffcb9990000 - 0x00007ffcb99bb000 	C:\WINDOWS\SYSTEM32\SspiCli.dll
0x00007ffcba060000 - 0x00007ffcba0b1000 	C:\WINDOWS\system32\SHLWAPI.dll
0x00007ffcba450000 - 0x00007ffcba5c1000 	C:\WINDOWS\system32\USER32.dll
0x00007ffcba9a0000 - 0x00007ffcbab18000 	C:\WINDOWS\system32\ole32.dll
0x00007ffcbaca0000 - 0x00007ffcbc0c0000 	C:\WINDOWS\system32\SHELL32.dll
0x00007ffcb91c0000 - 0x00007ffcb91de000 	C:\WINDOWS\SYSTEM32\USERENV.dll
0x00007ffcba260000 - 0x00007ffcba305000 	C:\WINDOWS\system32\ADVAPI32.dll
0x00007ffcb28d0000 - 0x00007ffcb28eb000 	C:\WINDOWS\SYSTEM32\MPR.dll
0x00007ffcbab60000 - 0x00007ffcbac97000 	C:\WINDOWS\system32\RPCRT4.dll
0x00007ffcbc0d0000 - 0x00007ffcbc127000 	C:\WINDOWS\SYSTEM32\sechost.dll
0x00007ffcbc5a0000 - 0x00007ffcbc776000 	C:\WINDOWS\SYSTEM32\combase.dll
0x00007ffcbc160000 - 0x00007ffcbc2a4000 	C:\WINDOWS\system32\GDI32.dll
0x00007ffcb9b50000 - 0x00007ffcb9b64000 	C:\WINDOWS\SYSTEM32\profapi.dll
0x00007ffcb7ff0000 - 0x00007ffcb808f000 	C:\WINDOWS\SYSTEM32\SHCORE.dll
0x00007ffcbab20000 - 0x00007ffcbab54000 	C:\WINDOWS\system32\IMM32.DLL
0x00007ffcba310000 - 0x00007ffcba449000 	C:\WINDOWS\system32\MSCTF.dll
0x00007ffcb7650000 - 0x00007ffcb78aa000 	C:\WINDOWS\WinSxS\amd64_microsoft.windows.common-controls_6595b64144ccf1df_6.0.9600.17031_none_6242a4b3ecbb55a1\COMCTL32.dll
0x0000000065400000 - 0x00000000654d2000 	C:\Program Files\Java\jdk1.8.0_31\jre\bin\msvcr100.dll
0x00000000654e0000 - 0x0000000065d3a000 	C:\Program Files\Java\jdk1.8.0_31\jre\bin\server\jvm.dll
0x00007ffcb5af0000 - 0x00007ffcb5af9000 	C:\WINDOWS\SYSTEM32\WSOCK32.dll
0x00007ffcb7e60000 - 0x00007ffcb7e7f000 	C:\WINDOWS\SYSTEM32\WINMM.dll
0x00007ffcbc150000 - 0x00007ffcbc157000 	C:\WINDOWS\system32\PSAPI.DLL
0x00007ffcbc350000 - 0x00007ffcbc3a8000 	C:\WINDOWS\system32\WS2_32.dll
0x00007ffcb7620000 - 0x00007ffcb764a000 	C:\WINDOWS\SYSTEM32\WINMMBASE.dll
0x00007ffcbc140000 - 0x00007ffcbc149000 	C:\WINDOWS\system32\NSI.dll
0x00007ffcb9c70000 - 0x00007ffcb9cba000 	C:\WINDOWS\SYSTEM32\cfgmgr32.dll
0x00007ffcb89e0000 - 0x00007ffcb8a06000 	C:\WINDOWS\SYSTEM32\DEVOBJ.dll
0x00000000653f0000 - 0x00000000653ff000 	C:\Program Files\Java\jdk1.8.0_31\jre\bin\verify.dll
0x00000000653c0000 - 0x00000000653e8000 	C:\Program Files\Java\jdk1.8.0_31\jre\bin\java.dll
0x00000000653a0000 - 0x00000000653b6000 	C:\Program Files\Java\jdk1.8.0_31\jre\bin\zip.dll
0x00007ffcb1250000 - 0x00007ffcb13d8000 	C:\WINDOWS\SYSTEM32\dbghelp.dll

VM Arguments:
jvm_args: -Xmx1024M -Dfile.encoding=windows-1252 -Duser.country=IN -Duser.language=en -Duser.variant 
java_command: com.android.dx.command.Main --dex --output B:\Sunshine8_Sun_1702\app\build\intermediates\pre-dexed\debug\classes-2243131fc82837dc3b08a93eddd550dbab669097.jar B:\Sunshine8_Sun_1702\app\build\intermediates\exploded-aar\com.android.support\appcompat-v7\22.2.1\classes.jar
java_class_path (initial): C:\Users\Abhishek\AppData\Local\Android\sdk1\build-tools\21.1.2\lib\dx.jar
Launcher Type: SUN_STANDARD

Environment Variables:
JAVA_HOME=C:\Program Files\Java\jdk1.8.0_31
JRE_HOME=C:\Program Files\Java\jre1.8.0_31
PATH=C:\Program Files (x86)\PC Connectivity Solution\;C:\WINDOWS\system32;C:\WINDOWS;C:\WINDOWS\System32\Wbem;C:\WINDOWS\System32\WindowsPowerShell\v1.0\;C:\jdk1.7.0_21\bin;C:\HashiCorp\Vagrant\bin;C:\Program Files (x86)\Skype\Phone\
USERNAME=Abhishek
OS=Windows_NT
PROCESSOR_IDENTIFIER=AMD64 Family 21 Model 16 Stepping 1, AuthenticAMD



---------------  S Y S T E M  ---------------

OS: Windows 8.1 , 64 bit Build 9600 

CPU:total 4 (4 cores per cpu, 1 threads per core) family 21 model 16 stepping 1, cmov, cx8, fxsr, mmx, sse, sse2, sse3, ssse3, sse4.1, sse4.2, popcnt, avx, aes, clmul, mmxext, 3dnowpref, lzcnt, sse4a, tsc, tscinvbit, tscinv, bmi1

Memory: 4k page, physical 5728520k(1816448k free), swap 8874248k(4176k free)

vm_info: Java HotSpot(TM) 64-Bit Server VM (25.31-b07) for windows-amd64 JRE (1.8.0_31-b13), built on Dec 17 2014 21:00:28 by "java_re" with MS VC++ 10.0 (VS2010)

time: Sun Aug 02 21:02:19 2015
elapsed time: 9 seconds (0d 0h 0m 9s)

