#
# There is insufficient memory for the Java Runtime Environment to continue.
# Native memory allocation (malloc) failed to allocate 1142736 bytes for Chunk::new
# Possible reasons:
#   The system is out of physical RAM or swap space
#   In 32 bit mode, the process size limit was hit
# Possible solutions:
#   Reduce memory load on the system
#   Increase physical memory or swap space
#   Check if swap backing store is full
#   Use 64 bit Java on a 64 bit OS
#   Decrease Java heap size (-Xmx/-Xms)
#   Decrease number of Java threads
#   Decrease Java thread stack sizes (-Xss)
#   Set larger code cache with -XX:ReservedCodeCacheSize=
# This output file may be truncated or incomplete.
#
#  Out of Memory Error (allocation.cpp:390), pid=51616, tid=50620
#
# JRE version: Java(TM) SE Runtime Environment (8.0_31-b13) (build 1.8.0_31-b13)
# Java VM: Java HotSpot(TM) 64-Bit Server VM (25.31-b07 mixed mode windows-amd64 compressed oops)
# Failed to write core dump. Minidumps are not enabled by default on client versions of Windows
#

---------------  T H R E A D  ---------------

Current thread (0x000000001511f800):  JavaThread "C2 CompilerThread1" daemon [_thread_in_native, id=50620, stack(0x0000000016790000,0x0000000016890000)]

Stack: [0x0000000016790000,0x0000000016890000]
Native frames: (J=compiled Java code, j=interpreted, Vv=VM code, C=native code)
V  [jvm.dll+0x3169ba]
V  [jvm.dll+0x2674c3]
V  [jvm.dll+0x268103]
V  [jvm.dll+0x25f8f5]
V  [jvm.dll+0xbf025]
V  [jvm.dll+0xbf4cc]
V  [jvm.dll+0x45df82]
V  [jvm.dll+0x49f21f]
V  [jvm.dll+0x453094]
V  [jvm.dll+0x454124]
V  [jvm.dll+0x437c62]
V  [jvm.dll+0x988e2]
V  [jvm.dll+0x990d3]
V  [jvm.dll+0x22c194]
V  [jvm.dll+0x28576a]
C  [msvcr100.dll+0x21d9f]
C  [msvcr100.dll+0x21e3b]
C  [KERNEL32.DLL+0x16ad]
C  [ntdll.dll+0x734a5]


Current CompileTask:
C2:  14199 1435   !   4       com.android.dx.cf.code.RopperMachine::run (1550 bytes)


---------------  P R O C E S S  ---------------

Java Threads: ( => current thread )
  0x0000000016994800 JavaThread "Service Thread" daemon [_thread_blocked, id=51632, stack(0x0000000016d90000,0x0000000016e90000)]
  0x000000001517b800 JavaThread "C1 CompilerThread2" daemon [_thread_blocked, id=5348, stack(0x0000000016890000,0x0000000016990000)]
=>0x000000001511f800 JavaThread "C2 CompilerThread1" daemon [_thread_in_native, id=50620, stack(0x0000000016790000,0x0000000016890000)]
  0x000000001511c800 JavaThread "C2 CompilerThread0" daemon [_thread_in_native, id=53604, stack(0x0000000016690000,0x0000000016790000)]
  0x000000001511a800 JavaThread "Attach Listener" daemon [_thread_blocked, id=54340, stack(0x0000000016590000,0x0000000016690000)]
  0x0000000015119000 JavaThread "Signal Dispatcher" daemon [_thread_blocked, id=5496, stack(0x0000000016490000,0x0000000016590000)]
  0x0000000002a3f800 JavaThread "Finalizer" daemon [_thread_blocked, id=54924, stack(0x0000000016390000,0x0000000016490000)]
  0x0000000002a3c800 JavaThread "Reference Handler" daemon [_thread_blocked, id=51588, stack(0x0000000016290000,0x0000000016390000)]
  0x0000000002951000 JavaThread "main" [_thread_in_Java, id=53964, stack(0x0000000002850000,0x0000000002950000)]

Other Threads:
  0x00000000150e7800 VMThread [stack: 0x0000000016190000,0x0000000016290000] [id=51756]
  0x0000000016996800 WatcherThread [stack: 0x0000000016e90000,0x0000000016f90000] [id=24792]

VM state:not at safepoint (normal execution)

VM Mutex/Monitor currently owned by a thread: None

Heap:
 PSYoungGen      total 26112K, used 22761K [0x00000000eab00000, 0x00000000ec800000, 0x0000000100000000)
  eden space 22528K, 85% used [0x00000000eab00000,0x00000000ebdbfc40,0x00000000ec100000)
  from space 3584K, 99% used [0x00000000ec100000,0x00000000ec47aaa8,0x00000000ec480000)
  to   space 3584K, 0% used [0x00000000ec480000,0x00000000ec480000,0x00000000ec800000)
 ParOldGen       total 60416K, used 1649K [0x00000000c0000000, 0x00000000c3b00000, 0x00000000eab00000)
  object space 60416K, 2% used [0x00000000c0000000,0x00000000c019c6f0,0x00000000c3b00000)
 Metaspace       used 5768K, capacity 7024K, committed 7296K, reserved 1056768K
  class space    used 555K, capacity 616K, committed 640K, reserved 1048576K

Card table byte_map: [0x0000000011e10000,0x0000000012020000] byte_map_base: 0x0000000011810000

Marking Bits: (ParMarkBitMap*) 0x0000000065cbd4f0
 Begin Bits: [0x0000000012580000, 0x0000000013580000)
 End Bits:   [0x0000000013580000, 0x0000000014580000)

Polling page: 0x0000000002760000

CodeCache: size=245760Kb used=6300Kb max_used=6314Kb free=239459Kb
 bounds [0x0000000002a50000, 0x0000000003080000, 0x0000000011a50000]
 total_blobs=1710 nmethods=1451 adapters=174
 compilation: enabled

Compilation events (10 events):
Event: 13.857 Thread 0x000000001517b800 1445       3       com.android.dx.cf.code.Ropper::addReturnBlock (228 bytes)
Event: 13.867 Thread 0x000000001517b800 nmethod 1445 0x0000000003050f10 code [0x0000000003051420, 0x0000000003054b88]
Event: 13.867 Thread 0x000000001517b800 1446       3       com.android.dx.cf.code.Ropper::addSynchExceptionHandlerBlock (206 bytes)
Event: 13.879 Thread 0x000000001517b800 nmethod 1446 0x0000000003057610 code [0x0000000003057b80, 0x000000000305b798]
Event: 14.079 Thread 0x000000001517b800 1448       1       com.android.dx.rop.cst.TypedConstant::isConstant (2 bytes)
Event: 14.079 Thread 0x000000001517b800 nmethod 1448 0x000000000305e650 code [0x000000000305e7a0, 0x000000000305e8b0]
Event: 14.086 Thread 0x000000001517b800 1449       3       com.android.dx.cf.code.Ropper::addSetupBlocks (535 bytes)
Event: 14.104 Thread 0x000000001517b800 nmethod 1449 0x000000000305e910 code [0x000000000305f360, 0x0000000003067508]
Event: 14.111 Thread 0x000000001517b800 1450       3       com.android.dx.dex.code.BlockAddresses::getStart (7 bytes)
Event: 14.111 Thread 0x000000001517b800 nmethod 1450 0x000000000306e5d0 code [0x000000000306e720, 0x000000000306e890]

GC Heap History (2 events):
Event: 7.795 GC heap before
{Heap before GC invocations=1 (full 0):
 PSYoungGen      total 26112K, used 22528K [0x00000000eab00000, 0x00000000ec800000, 0x0000000100000000)
  eden space 22528K, 100% used [0x00000000eab00000,0x00000000ec100000,0x00000000ec100000)
  from space 3584K, 0% used [0x00000000ec480000,0x00000000ec480000,0x00000000ec800000)
  to   space 3584K, 0% used [0x00000000ec100000,0x00000000ec100000,0x00000000ec480000)
 ParOldGen       total 60416K, used 0K [0x00000000c0000000, 0x00000000c3b00000, 0x00000000eab00000)
  object space 60416K, 0% used [0x00000000c0000000,0x00000000c0000000,0x00000000c3b00000)
 Metaspace       used 5666K, capacity 6896K, committed 7040K, reserved 1056768K
  class space    used 555K, capacity 616K, committed 640K, reserved 1048576K
Event: 7.901 GC heap after
Heap after GC invocations=1 (full 0):
 PSYoungGen      total 26112K, used 3562K [0x00000000eab00000, 0x00000000ec800000, 0x0000000100000000)
  eden space 22528K, 0% used [0x00000000eab00000,0x00000000eab00000,0x00000000ec100000)
  from space 3584K, 99% used [0x00000000ec100000,0x00000000ec47aaa8,0x00000000ec480000)
  to   space 3584K, 0% used [0x00000000ec480000,0x00000000ec480000,0x00000000ec800000)
 ParOldGen       total 60416K, used 1649K [0x00000000c0000000, 0x00000000c3b00000, 0x00000000eab00000)
  object space 60416K, 2% used [0x00000000c0000000,0x00000000c019c6f0,0x00000000c3b00000)
 Metaspace       used 5666K, capacity 6896K, committed 7040K, reserved 1056768K
  class space    used 555K, capacity 616K, committed 640K, reserved 1048576K
}

Deoptimization events (5 events):
Event: 6.148 Thread 0x0000000002951000 Uncommon trap: reason=unreached action=reinterpret pc=0x0000000002df445c method=com.android.dx.rop.cst.Constant.compareTo(Lcom/android/dx/rop/cst/Constant;)I @ 12
Event: 6.400 Thread 0x0000000002951000 Uncommon trap: reason=unreached action=reinterpret pc=0x0000000002e0ec90 method=com.android.dx.rop.code.LocalItem.hashCode()I @ 25
Event: 6.402 Thread 0x0000000002951000 Uncommon trap: reason=unreached action=reinterpret pc=0x0000000002e14ad8 method=com.android.dx.rop.code.LocalItem.hashCode()I @ 25
Event: 6.899 Thread 0x0000000002951000 Uncommon trap: reason=bimorphic action=maybe_recompile pc=0x0000000002d31594 method=java.util.HashMap.getNode(ILjava/lang/Object;)Ljava/util/HashMap$Node; @ 126
Event: 8.994 Thread 0x0000000002951000 Uncommon trap: reason=unreached action=reinterpret pc=0x0000000002f54c74 method=com.android.dx.ssa.SCCP.simulateStmt(Lcom/android/dx/ssa/SsaInsn;)V @ 418

Internal exceptions (10 events):
Event: 4.197 Thread 0x0000000002951000 Exception <a 'java/security/PrivilegedActionException'> (0x00000000eb69ac78) thrown at [C:\workspace\8-2-build-windows-amd64-cygwin\jdk8u31\2394\hotspot\src\share\vm\prims\jvm.cpp, line 1312]
Event: 4.380 Thread 0x0000000002951000 Exception <a 'java/security/PrivilegedActionException'> (0x00000000eb71b3e8) thrown at [C:\workspace\8-2-build-windows-amd64-cygwin\jdk8u31\2394\hotspot\src\share\vm\prims\jvm.cpp, line 1312]
Event: 4.626 Thread 0x0000000002951000 Exception <a 'java/security/PrivilegedActionException'> (0x00000000eb7a8b58) thrown at [C:\workspace\8-2-build-windows-amd64-cygwin\jdk8u31\2394\hotspot\src\share\vm\prims\jvm.cpp, line 1312]
Event: 4.627 Thread 0x0000000002951000 Exception <a 'java/security/PrivilegedActionException'> (0x00000000eb7ab158) thrown at [C:\workspace\8-2-build-windows-amd64-cygwin\jdk8u31\2394\hotspot\src\share\vm\prims\jvm.cpp, line 1312]
Event: 4.902 Thread 0x0000000002951000 Exception <a 'java/security/PrivilegedActionException'> (0x00000000eb873718) thrown at [C:\workspace\8-2-build-windows-amd64-cygwin\jdk8u31\2394\hotspot\src\share\vm\prims\jvm.cpp, line 1312]
Event: 5.003 Thread 0x0000000002951000 Exception <a 'java/security/PrivilegedActionException'> (0x00000000eb8ad2a8) thrown at [C:\workspace\8-2-build-windows-amd64-cygwin\jdk8u31\2394\hotspot\src\share\vm\prims\jvm.cpp, line 1312]
Event: 5.096 Thread 0x0000000002951000 Exception <a 'java/security/PrivilegedActionException'> (0x00000000eb8bb2b0) thrown at [C:\workspace\8-2-build-windows-amd64-cygwin\jdk8u31\2394\hotspot\src\share\vm\prims\jvm.cpp, line 1312]
Event: 6.367 Thread 0x0000000002951000 Exception <a 'java/security/PrivilegedActionException'> (0x00000000ebc193f8) thrown at [C:\workspace\8-2-build-windows-amd64-cygwin\jdk8u31\2394\hotspot\src\share\vm\prims\jvm.cpp, line 1312]
Event: 6.420 Thread 0x0000000002951000 Exception <a 'java/security/PrivilegedActionException'> (0x00000000ebc55410) thrown at [C:\workspace\8-2-build-windows-amd64-cygwin\jdk8u31\2394\hotspot\src\share\vm\prims\jvm.cpp, line 1312]
Event: 7.283 Thread 0x0000000002951000 Exception <a 'java/security/PrivilegedActionException'> (0x00000000ebf32f08) thrown at [C:\workspace\8-2-build-windows-amd64-cygwin\jdk8u31\2394\hotspot\src\share\vm\prims\jvm.cpp, line 1312]

Events (10 events):
Event: 6.899 Thread 0x0000000002951000 Uncommon trap: trap_request=0xffffffc6 fr.pc=0x0000000002d31594
Event: 6.900 Thread 0x0000000002951000 DEOPT PACKING pc=0x0000000002d31594 sp=0x000000000294e550
Event: 6.900 Thread 0x0000000002951000 DEOPT UNPACKING pc=0x0000000002a9556a sp=0x000000000294e478 mode 2
Event: 7.282 loading class com/android/dx/cf/code/SwitchList
Event: 7.282 loading class com/android/dx/cf/code/SwitchList done
Event: 7.794 Executing VM operation: ParallelGCFailedAllocation
Event: 7.901 Executing VM operation: ParallelGCFailedAllocation done
Event: 8.994 Thread 0x0000000002951000 Uncommon trap: trap_request=0xffffffad fr.pc=0x0000000002f54c74
Event: 8.994 Thread 0x0000000002951000 DEOPT PACKING pc=0x0000000002f54c74 sp=0x000000000294e510
Event: 8.994 Thread 0x0000000002951000 DEOPT UNPACKING pc=0x0000000002a9556a sp=0x000000000294e4f0 mode 2


Dynamic libraries:
0x00007ff7d7020000 - 0x00007ff7d7054000 	C:\Program Files\Java\jdk1.8.0_31\bin\java.exe
0x00007ffcbc7e0000 - 0x00007ffcbc98a000 	C:\WINDOWS\SYSTEM32\ntdll.dll
0x00007ffcba5d0000 - 0x00007ffcba70a000 	C:\WINDOWS\system32\KERNEL32.DLL
0x00007ffcb9d70000 - 0x00007ffcb9e7f000 	C:\WINDOWS\system32\KERNELBASE.dll
0x00007ffcb8780000 - 0x00007ffcb8808000 	C:\WINDOWS\system32\apphelp.dll
0x00007ffcadf60000 - 0x00007ffcadfaf000 	C:\WINDOWS\AppPatch\AppPatch64\AcGenral.DLL
0x00007ffcbc470000 - 0x00007ffcbc517000 	C:\WINDOWS\system32\msvcrt.dll
0x00007ffcb9990000 - 0x00007ffcb99bb000 	C:\WINDOWS\SYSTEM32\SspiCli.dll
0x00007ffcba060000 - 0x00007ffcba0b1000 	C:\WINDOWS\system32\SHLWAPI.dll
0x00007ffcba450000 - 0x00007ffcba5c1000 	C:\WINDOWS\system32\USER32.dll
0x00007ffcba9a0000 - 0x00007ffcbab18000 	C:\WINDOWS\system32\ole32.dll
0x00007ffcbaca0000 - 0x00007ffcbc0c0000 	C:\WINDOWS\system32\SHELL32.dll
0x00007ffcb91c0000 - 0x00007ffcb91de000 	C:\WINDOWS\SYSTEM32\USERENV.dll
0x00007ffcba260000 - 0x00007ffcba305000 	C:\WINDOWS\system32\ADVAPI32.dll
0x00007ffcb28d0000 - 0x00007ffcb28eb000 	C:\WINDOWS\SYSTEM32\MPR.dll
0x00007ffcbab60000 - 0x00007ffcbac97000 	C:\WINDOWS\system32\RPCRT4.dll
0x00007ffcbc0d0000 - 0x00007ffcbc127000 	C:\WINDOWS\SYSTEM32\sechost.dll
0x00007ffcbc5a0000 - 0x00007ffcbc776000 	C:\WINDOWS\SYSTEM32\combase.dll
0x00007ffcbc160000 - 0x00007ffcbc2a4000 	C:\WINDOWS\system32\GDI32.dll
0x00007ffcb9b50000 - 0x00007ffcb9b64000 	C:\WINDOWS\SYSTEM32\profapi.dll
0x00007ffcb7ff0000 - 0x00007ffcb808f000 	C:\WINDOWS\SYSTEM32\SHCORE.dll
0x00007ffcbab20000 - 0x00007ffcbab54000 	C:\WINDOWS\system32\IMM32.DLL
0x00007ffcba310000 - 0x00007ffcba449000 	C:\WINDOWS\system32\MSCTF.dll
0x00007ffcb7650000 - 0x00007ffcb78aa000 	C:\WINDOWS\WinSxS\amd64_microsoft.windows.common-controls_6595b64144ccf1df_6.0.9600.17031_none_6242a4b3ecbb55a1\COMCTL32.dll
0x0000000065400000 - 0x00000000654d2000 	C:\Program Files\Java\jdk1.8.0_31\jre\bin\msvcr100.dll
0x00000000654e0000 - 0x0000000065d3a000 	C:\Program Files\Java\jdk1.8.0_31\jre\bin\server\jvm.dll
0x00007ffcb5af0000 - 0x00007ffcb5af9000 	C:\WINDOWS\SYSTEM32\WSOCK32.dll
0x00007ffcb7e60000 - 0x00007ffcb7e7f000 	C:\WINDOWS\SYSTEM32\WINMM.dll
0x00007ffcbc150000 - 0x00007ffcbc157000 	C:\WINDOWS\system32\PSAPI.DLL
0x00007ffcbc350000 - 0x00007ffcbc3a8000 	C:\WINDOWS\system32\WS2_32.dll
0x00007ffcb7620000 - 0x00007ffcb764a000 	C:\WINDOWS\SYSTEM32\WINMMBASE.dll
0x00007ffcbc140000 - 0x00007ffcbc149000 	C:\WINDOWS\system32\NSI.dll
0x00007ffcb9c70000 - 0x00007ffcb9cba000 	C:\WINDOWS\SYSTEM32\cfgmgr32.dll
0x00007ffcb89e0000 - 0x00007ffcb8a06000 	C:\WINDOWS\SYSTEM32\DEVOBJ.dll
0x00000000653f0000 - 0x00000000653ff000 	C:\Program Files\Java\jdk1.8.0_31\jre\bin\verify.dll
0x00000000653c0000 - 0x00000000653e8000 	C:\Program Files\Java\jdk1.8.0_31\jre\bin\java.dll
0x00000000653a0000 - 0x00000000653b6000 	C:\Program Files\Java\jdk1.8.0_31\jre\bin\zip.dll
0x00007ffcb1250000 - 0x00007ffcb13d8000 	C:\WINDOWS\SYSTEM32\dbghelp.dll

VM Arguments:
jvm_args: -Xmx1024M -Dfile.encoding=windows-1252 -Duser.country=IN -Duser.language=en -Duser.variant 
java_command: com.android.dx.command.Main --dex --output B:\Sunshine8_Sun_1702\app\build\intermediates\pre-dexed\debug\classes-2243131fc82837dc3b08a93eddd550dbab669097.jar B:\Sunshine8_Sun_1702\app\build\intermediates\exploded-aar\com.android.support\appcompat-v7\22.2.1\classes.jar
java_class_path (initial): C:\Users\Abhishek\AppData\Local\Android\sdk1\build-tools\21.1.2\lib\dx.jar
Launcher Type: SUN_STANDARD

Environment Variables:
JAVA_HOME=C:\Program Files\Java\jdk1.8.0_31
JRE_HOME=C:\Program Files\Java\jre1.8.0_31
PATH=C:\Program Files (x86)\PC Connectivity Solution\;C:\WINDOWS\system32;C:\WINDOWS;C:\WINDOWS\System32\Wbem;C:\WINDOWS\System32\WindowsPowerShell\v1.0\;C:\jdk1.7.0_21\bin;C:\HashiCorp\Vagrant\bin;C:\Program Files (x86)\Skype\Phone\
USERNAME=Abhishek
OS=Windows_NT
PROCESSOR_IDENTIFIER=AMD64 Family 21 Model 16 Stepping 1, AuthenticAMD



---------------  S Y S T E M  ---------------

OS: Windows 8.1 , 64 bit Build 9600 

CPU:total 4 (4 cores per cpu, 1 threads per core) family 21 model 16 stepping 1, cmov, cx8, fxsr, mmx, sse, sse2, sse3, ssse3, sse4.1, sse4.2, popcnt, avx, aes, clmul, mmxext, 3dnowpref, lzcnt, sse4a, tsc, tscinvbit, tscinv, bmi1

Memory: 4k page, physical 5728520k(1804472k free), swap 8874248k(212612k free)

vm_info: Java HotSpot(TM) 64-Bit Server VM (25.31-b07) for windows-amd64 JRE (1.8.0_31-b13), built on Dec 17 2014 21:00:28 by "java_re" with MS VC++ 10.0 (VS2010)

time: Sun Aug 02 20:09:55 2015
elapsed time: 14 seconds (0d 0h 0m 14s)

