#
# There is insufficient memory for the Java Runtime Environment to continue.
# Native memory allocation (malloc) failed to allocate 137536 bytes for Chunk::new
# Possible reasons:
#   The system is out of physical RAM or swap space
#   In 32 bit mode, the process size limit was hit
# Possible solutions:
#   Reduce memory load on the system
#   Increase physical memory or swap space
#   Check if swap backing store is full
#   Use 64 bit Java on a 64 bit OS
#   Decrease Java heap size (-Xmx/-Xms)
#   Decrease number of Java threads
#   Decrease Java thread stack sizes (-Xss)
#   Set larger code cache with -XX:ReservedCodeCacheSize=
# This output file may be truncated or incomplete.
#
#  Out of Memory Error (allocation.cpp:390), pid=53104, tid=51632
#
# JRE version: Java(TM) SE Runtime Environment (8.0_31-b13) (build 1.8.0_31-b13)
# Java VM: Java HotSpot(TM) 64-Bit Server VM (25.31-b07 mixed mode windows-amd64 compressed oops)
# Failed to write core dump. Minidumps are not enabled by default on client versions of Windows
#

---------------  T H R E A D  ---------------

Current thread (0x00000000150ed000):  JavaThread "C2 CompilerThread1" daemon [_thread_in_native, id=51632, stack(0x0000000016710000,0x0000000016810000)]

Stack: [0x0000000016710000,0x0000000016810000]
Native frames: (J=compiled Java code, j=interpreted, Vv=VM code, C=native code)
V  [jvm.dll+0x3169ba]


Current CompileTask:
C2:   9025 1283       4       com.android.dx.ssa.SsaRenamer$BlockRenamer::processResultReg (56 bytes)


---------------  P R O C E S S  ---------------

Java Threads: ( => current thread )
  0x00000000150fa000 JavaThread "Service Thread" daemon [_thread_blocked, id=50672, stack(0x0000000016910000,0x0000000016a10000)]
  0x00000000150ef800 JavaThread "C1 CompilerThread2" daemon [_thread_blocked, id=8364, stack(0x0000000016810000,0x0000000016910000)]
=>0x00000000150ed000 JavaThread "C2 CompilerThread1" daemon [_thread_in_native, id=51632, stack(0x0000000016710000,0x0000000016810000)]
  0x000000001509b800 JavaThread "C2 CompilerThread0" daemon [_thread_in_native, id=51508, stack(0x0000000016610000,0x0000000016710000)]
  0x0000000015099800 JavaThread "Attach Listener" daemon [_thread_blocked, id=50312, stack(0x0000000016510000,0x0000000016610000)]
  0x0000000015098800 JavaThread "Signal Dispatcher" daemon [_thread_blocked, id=2756, stack(0x0000000016410000,0x0000000016510000)]
  0x00000000029c4800 JavaThread "Finalizer" daemon [_thread_blocked, id=2732, stack(0x0000000016310000,0x0000000016410000)]
  0x0000000015068800 JavaThread "Reference Handler" daemon [_thread_blocked, id=53312, stack(0x0000000016210000,0x0000000016310000)]
  0x00000000028d1000 JavaThread "main" [_thread_in_vm, id=33392, stack(0x0000000002720000,0x0000000002820000)]

Other Threads:
  0x0000000015066800 VMThread [stack: 0x0000000016110000,0x0000000016210000] [id=9532]
  0x00000000150fd000 WatcherThread [stack: 0x0000000016a10000,0x0000000016b10000] [id=53172]

VM state:not at safepoint (normal execution)

VM Mutex/Monitor currently owned by a thread: None

Heap:
 PSYoungGen      total 26112K, used 7833K [0x00000000eab00000, 0x00000000ec800000, 0x0000000100000000)
  eden space 22528K, 18% used [0x00000000eab00000,0x00000000eaf27cb8,0x00000000ec100000)
  from space 3584K, 99% used [0x00000000ec100000,0x00000000ec47eaa8,0x00000000ec480000)
  to   space 3584K, 0% used [0x00000000ec480000,0x00000000ec480000,0x00000000ec800000)
 ParOldGen       total 60416K, used 1726K [0x00000000c0000000, 0x00000000c3b00000, 0x00000000eab00000)
  object space 60416K, 2% used [0x00000000c0000000,0x00000000c01afa38,0x00000000c3b00000)
 Metaspace       used 5708K, capacity 6960K, committed 7040K, reserved 1056768K
  class space    used 556K, capacity 616K, committed 640K, reserved 1048576K

Card table byte_map: [0x0000000011d90000,0x0000000011fa0000] byte_map_base: 0x0000000011790000

Marking Bits: (ParMarkBitMap*) 0x0000000065cbd4f0
 Begin Bits: [0x0000000012500000, 0x0000000013500000)
 End Bits:   [0x0000000013500000, 0x0000000014500000)

Polling page: 0x0000000000f20000

CodeCache: size=245760Kb used=5301Kb max_used=5312Kb free=240458Kb
 bounds [0x00000000029d0000, 0x0000000002f10000, 0x00000000119d0000]
 total_blobs=1546 nmethods=1287 adapters=174
 compilation: enabled

Compilation events (10 events):
Event: 8.699 Thread 0x00000000150ef800 1281       3       com.android.dx.dex.cf.AttributeTranslator::getAnnotations0 (62 bytes)
Event: 8.701 Thread 0x00000000150ef800 nmethod 1281 0x0000000002ee4710 code [0x0000000002ee4920, 0x0000000002ee5658]
Event: 8.712 Thread 0x00000000150ef800 1282       1       com.android.dx.cf.code.OneLocalsArray::getOrNull (7 bytes)
Event: 8.712 Thread 0x00000000150ef800 nmethod 1282 0x0000000002ee43d0 code [0x0000000002ee4520, 0x0000000002ee4650]
Event: 8.751 Thread 0x000000001509b800 nmethod 1276% 0x0000000002f04850 code [0x0000000002f04a40, 0x0000000002f057f8]
Event: 9.005 Thread 0x00000000150ed000 1283       4       com.android.dx.ssa.SsaRenamer$BlockRenamer::processResultReg (56 bytes)
Event: 9.011 Thread 0x000000001509b800 1284       4       com.android.dx.ssa.SsaMethod$1::visitNonMoveInsn (26 bytes)
Event: 9.014 Thread 0x000000001509b800 nmethod 1284 0x0000000002f02f90 code [0x0000000002f030e0, 0x0000000002f031d8]
Event: 9.015 Thread 0x000000001509b800 1285       4       com.android.dx.ssa.SsaMethod$2::visitNonMoveInsn (6 bytes)
Event: 9.016 Thread 0x000000001509b800 nmethod 1285 0x0000000002eccad0 code [0x0000000002eccc20, 0x0000000002eccca8]

GC Heap History (2 events):
Event: 7.264 GC heap before
{Heap before GC invocations=1 (full 0):
 PSYoungGen      total 26112K, used 22528K [0x00000000eab00000, 0x00000000ec800000, 0x0000000100000000)
  eden space 22528K, 100% used [0x00000000eab00000,0x00000000ec100000,0x00000000ec100000)
  from space 3584K, 0% used [0x00000000ec480000,0x00000000ec480000,0x00000000ec800000)
  to   space 3584K, 0% used [0x00000000ec100000,0x00000000ec100000,0x00000000ec480000)
 ParOldGen       total 60416K, used 0K [0x00000000c0000000, 0x00000000c3b00000, 0x00000000eab00000)
  object space 60416K, 0% used [0x00000000c0000000,0x00000000c0000000,0x00000000c3b00000)
 Metaspace       used 5671K, capacity 6896K, committed 7040K, reserved 1056768K
  class space    used 553K, capacity 616K, committed 640K, reserved 1048576K
Event: 7.821 GC heap after
Heap after GC invocations=1 (full 0):
 PSYoungGen      total 26112K, used 3578K [0x00000000eab00000, 0x00000000ec800000, 0x0000000100000000)
  eden space 22528K, 0% used [0x00000000eab00000,0x00000000eab00000,0x00000000ec100000)
  from space 3584K, 99% used [0x00000000ec100000,0x00000000ec47eaa8,0x00000000ec480000)
  to   space 3584K, 0% used [0x00000000ec480000,0x00000000ec480000,0x00000000ec800000)
 ParOldGen       total 60416K, used 1726K [0x00000000c0000000, 0x00000000c3b00000, 0x00000000eab00000)
  object space 60416K, 2% used [0x00000000c0000000,0x00000000c01afa38,0x00000000c3b00000)
 Metaspace       used 5671K, capacity 6896K, committed 7040K, reserved 1056768K
  class space    used 553K, capacity 616K, committed 640K, reserved 1048576K
}

Deoptimization events (6 events):
Event: 5.688 Thread 0x00000000028d1000 Uncommon trap: reason=bimorphic action=maybe_recompile pc=0x0000000002c77268 method=java.util.HashMap.getNode(ILjava/lang/Object;)Ljava/util/HashMap$Node; @ 126
Event: 5.688 Thread 0x00000000028d1000 Uncommon trap: reason=bimorphic action=maybe_recompile pc=0x0000000002c77268 method=java.util.HashMap.getNode(ILjava/lang/Object;)Ljava/util/HashMap$Node; @ 126
Event: 5.689 Thread 0x00000000028d1000 Uncommon trap: reason=bimorphic action=maybe_recompile pc=0x0000000002c77268 method=java.util.HashMap.getNode(ILjava/lang/Object;)Ljava/util/HashMap$Node; @ 126
Event: 5.689 Thread 0x00000000028d1000 Uncommon trap: reason=bimorphic action=maybe_recompile pc=0x0000000002c77268 method=java.util.HashMap.getNode(ILjava/lang/Object;)Ljava/util/HashMap$Node; @ 126
Event: 5.689 Thread 0x00000000028d1000 Uncommon trap: reason=unreached action=reinterpret pc=0x0000000002dcea1c method=com.android.dx.rop.cst.Constant.compareTo(Lcom/android/dx/rop/cst/Constant;)I @ 12
Event: 5.689 Thread 0x00000000028d1000 Uncommon trap: reason=bimorphic action=maybe_recompile pc=0x0000000002bff4d0 method=java.util.HashMap.getNode(ILjava/lang/Object;)Ljava/util/HashMap$Node; @ 126

Internal exceptions (10 events):
Event: 4.874 Thread 0x00000000028d1000 Exception <a 'java/security/PrivilegedActionException'> (0x00000000eb708868) thrown at [C:\workspace\8-2-build-windows-amd64-cygwin\jdk8u31\2394\hotspot\src\share\vm\prims\jvm.cpp, line 1312]
Event: 4.874 Thread 0x00000000028d1000 Exception <a 'java/security/PrivilegedActionException'> (0x00000000eb70ae68) thrown at [C:\workspace\8-2-build-windows-amd64-cygwin\jdk8u31\2394\hotspot\src\share\vm\prims\jvm.cpp, line 1312]
Event: 5.551 Thread 0x00000000028d1000 Exception <a 'java/security/PrivilegedActionException'> (0x00000000ebac3898) thrown at [C:\workspace\8-2-build-windows-amd64-cygwin\jdk8u31\2394\hotspot\src\share\vm\prims\jvm.cpp, line 1312]
Event: 5.668 Thread 0x00000000028d1000 Exception <a 'java/security/PrivilegedActionException'> (0x00000000ebafb448) thrown at [C:\workspace\8-2-build-windows-amd64-cygwin\jdk8u31\2394\hotspot\src\share\vm\prims\jvm.cpp, line 1312]
Event: 5.678 Thread 0x00000000028d1000 Exception <a 'java/security/PrivilegedActionException'> (0x00000000ebb20ca8) thrown at [C:\workspace\8-2-build-windows-amd64-cygwin\jdk8u31\2394\hotspot\src\share\vm\prims\jvm.cpp, line 1312]
Event: 8.191 Thread 0x00000000028d1000 Exception <a 'java/security/PrivilegedActionException'> (0x00000000eacaacb8) thrown at [C:\workspace\8-2-build-windows-amd64-cygwin\jdk8u31\2394\hotspot\src\share\vm\prims\jvm.cpp, line 1312]
Event: 8.192 Thread 0x00000000028d1000 Exception <a 'java/security/PrivilegedActionException'> (0x00000000eacad4c8) thrown at [C:\workspace\8-2-build-windows-amd64-cygwin\jdk8u31\2394\hotspot\src\share\vm\prims\jvm.cpp, line 1312]
Event: 8.242 Thread 0x00000000028d1000 Exception <a 'java/security/PrivilegedActionException'> (0x00000000ead8c3b0) thrown at [C:\workspace\8-2-build-windows-amd64-cygwin\jdk8u31\2394\hotspot\src\share\vm\prims\jvm.cpp, line 1312]
Event: 8.244 Thread 0x00000000028d1000 Exception <a 'java/security/PrivilegedActionException'> (0x00000000ead91e58) thrown at [C:\workspace\8-2-build-windows-amd64-cygwin\jdk8u31\2394\hotspot\src\share\vm\prims\jvm.cpp, line 1312]
Event: 8.614 Thread 0x00000000028d1000 Exception <a 'java/security/PrivilegedActionException'> (0x00000000ead97668) thrown at [C:\workspace\8-2-build-windows-amd64-cygwin\jdk8u31\2394\hotspot\src\share\vm\prims\jvm.cpp, line 1312]

Events (10 events):
Event: 8.191 loading class com/android/dx/cf/attrib/AttRuntimeInvisibleParameterAnnotations
Event: 8.191 loading class com/android/dx/cf/attrib/AttRuntimeInvisibleParameterAnnotations done
Event: 8.192 loading class com/android/dx/cf/attrib/BaseParameterAnnotations
Event: 8.192 loading class com/android/dx/cf/attrib/BaseParameterAnnotations done
Event: 8.241 loading class com/android/dx/dex/file/ParameterAnnotationStruct
Event: 8.241 loading class com/android/dx/dex/file/ParameterAnnotationStruct done
Event: 8.244 loading class com/android/dx/dex/file/UniformListItem
Event: 8.244 loading class com/android/dx/dex/file/UniformListItem done
Event: 8.614 loading class com/android/dx/dex/file/AnnotationSetRefItem
Event: 8.614 loading class com/android/dx/dex/file/AnnotationSetRefItem done


Dynamic libraries:
0x00007ff7d7020000 - 0x00007ff7d7054000 	C:\Program Files\Java\jdk1.8.0_31\bin\java.exe
0x00007ffcbc7e0000 - 0x00007ffcbc98a000 	C:\WINDOWS\SYSTEM32\ntdll.dll
0x00007ffcba5d0000 - 0x00007ffcba70a000 	C:\WINDOWS\system32\KERNEL32.DLL
0x00007ffcb9d70000 - 0x00007ffcb9e7f000 	C:\WINDOWS\system32\KERNELBASE.dll
0x00007ffcb8780000 - 0x00007ffcb8808000 	C:\WINDOWS\system32\apphelp.dll
0x00007ffcb3660000 - 0x00007ffcb36af000 	C:\WINDOWS\AppPatch\AppPatch64\AcGenral.DLL
0x00007ffcbc470000 - 0x00007ffcbc517000 	C:\WINDOWS\system32\msvcrt.dll
0x00007ffcb9990000 - 0x00007ffcb99bb000 	C:\WINDOWS\SYSTEM32\SspiCli.dll
0x00007ffcba060000 - 0x00007ffcba0b1000 	C:\WINDOWS\system32\SHLWAPI.dll
0x00007ffcba450000 - 0x00007ffcba5c1000 	C:\WINDOWS\system32\USER32.dll
0x00007ffcba9a0000 - 0x00007ffcbab18000 	C:\WINDOWS\system32\ole32.dll
0x00007ffcbaca0000 - 0x00007ffcbc0c0000 	C:\WINDOWS\system32\SHELL32.dll
0x00007ffcb91c0000 - 0x00007ffcb91de000 	C:\WINDOWS\SYSTEM32\USERENV.dll
0x00007ffcba260000 - 0x00007ffcba305000 	C:\WINDOWS\system32\ADVAPI32.dll
0x00007ffcb28d0000 - 0x00007ffcb28eb000 	C:\WINDOWS\SYSTEM32\MPR.dll
0x00007ffcbab60000 - 0x00007ffcbac97000 	C:\WINDOWS\system32\RPCRT4.dll
0x00007ffcbc0d0000 - 0x00007ffcbc127000 	C:\WINDOWS\SYSTEM32\sechost.dll
0x00007ffcbc5a0000 - 0x00007ffcbc776000 	C:\WINDOWS\SYSTEM32\combase.dll
0x00007ffcbc160000 - 0x00007ffcbc2a4000 	C:\WINDOWS\system32\GDI32.dll
0x00007ffcb9b50000 - 0x00007ffcb9b64000 	C:\WINDOWS\SYSTEM32\profapi.dll
0x00007ffcb7ff0000 - 0x00007ffcb808f000 	C:\WINDOWS\SYSTEM32\SHCORE.dll
0x00007ffcbab20000 - 0x00007ffcbab54000 	C:\WINDOWS\system32\IMM32.DLL
0x00007ffcba310000 - 0x00007ffcba449000 	C:\WINDOWS\system32\MSCTF.dll
0x00007ffcb7650000 - 0x00007ffcb78aa000 	C:\WINDOWS\WinSxS\amd64_microsoft.windows.common-controls_6595b64144ccf1df_6.0.9600.17031_none_6242a4b3ecbb55a1\COMCTL32.dll
0x0000000065400000 - 0x00000000654d2000 	C:\Program Files\Java\jdk1.8.0_31\jre\bin\msvcr100.dll
0x00000000654e0000 - 0x0000000065d3a000 	C:\Program Files\Java\jdk1.8.0_31\jre\bin\server\jvm.dll
0x00007ffcb5af0000 - 0x00007ffcb5af9000 	C:\WINDOWS\SYSTEM32\WSOCK32.dll
0x00007ffcb7e60000 - 0x00007ffcb7e7f000 	C:\WINDOWS\SYSTEM32\WINMM.dll
0x00007ffcbc150000 - 0x00007ffcbc157000 	C:\WINDOWS\system32\PSAPI.DLL
0x00007ffcbc350000 - 0x00007ffcbc3a8000 	C:\WINDOWS\system32\WS2_32.dll
0x00007ffcb7620000 - 0x00007ffcb764a000 	C:\WINDOWS\SYSTEM32\WINMMBASE.dll
0x00007ffcbc140000 - 0x00007ffcbc149000 	C:\WINDOWS\system32\NSI.dll
0x00007ffcb9c70000 - 0x00007ffcb9cba000 	C:\WINDOWS\SYSTEM32\cfgmgr32.dll
0x00007ffcb89e0000 - 0x00007ffcb8a06000 	C:\WINDOWS\SYSTEM32\DEVOBJ.dll
0x00000000653f0000 - 0x00000000653ff000 	C:\Program Files\Java\jdk1.8.0_31\jre\bin\verify.dll
0x00000000653c0000 - 0x00000000653e8000 	C:\Program Files\Java\jdk1.8.0_31\jre\bin\java.dll
0x00000000653a0000 - 0x00000000653b6000 	C:\Program Files\Java\jdk1.8.0_31\jre\bin\zip.dll

VM Arguments:
jvm_args: -Xmx1024M -Dfile.encoding=windows-1252 -Duser.country=IN -Duser.language=en -Duser.variant 
java_command: com.android.dx.command.Main --dex --output B:\Sunshine8_Sun_1702\app\build\intermediates\pre-dexed\debug\classes-1f9a3d5e31121a0382310a43dfebdbc5f9ab1b7f.jar B:\Sunshine8_Sun_1702\app\build\intermediates\exploded-aar\com.android.support\support-v4\22.2.1\classes.jar
java_class_path (initial): C:\Users\Abhishek\AppData\Local\Android\sdk1\build-tools\21.1.2\lib\dx.jar
Launcher Type: SUN_STANDARD

Environment Variables:
JAVA_HOME=C:\Program Files\Java\jdk1.8.0_31
JRE_HOME=C:\Program Files\Java\jre1.8.0_31
PATH=C:\Program Files (x86)\PC Connectivity Solution\;C:\WINDOWS\system32;C:\WINDOWS;C:\WINDOWS\System32\Wbem;C:\WINDOWS\System32\WindowsPowerShell\v1.0\;C:\jdk1.7.0_21\bin;C:\HashiCorp\Vagrant\bin;C:\Program Files (x86)\Skype\Phone\
USERNAME=Abhishek
OS=Windows_NT
PROCESSOR_IDENTIFIER=AMD64 Family 21 Model 16 Stepping 1, AuthenticAMD



---------------  S Y S T E M  ---------------

OS: Windows 8.1 , 64 bit Build 9600 

CPU:total 4 (4 cores per cpu, 1 threads per core) family 21 model 16 stepping 1, cmov, cx8, fxsr, mmx, sse, sse2, sse3, ssse3, sse4.1, sse4.2, popcnt, avx, aes, clmul, mmxext, 3dnowpref, lzcnt, sse4a, tsc, tscinvbit, tscinv, bmi1

Memory: 4k page, physical 5728520k(1801252k free), swap 8874248k(4488k free)

vm_info: Java HotSpot(TM) 64-Bit Server VM (25.31-b07) for windows-amd64 JRE (1.8.0_31-b13), built on Dec 17 2014 21:00:28 by "java_re" with MS VC++ 10.0 (VS2010)

time: Sun Aug 02 21:05:50 2015
elapsed time: 9 seconds (0d 0h 0m 9s)

