#
# There is insufficient memory for the Java Runtime Environment to continue.
# Native memory allocation (malloc) failed to allocate 607776 bytes for Chunk::new
# Possible reasons:
#   The system is out of physical RAM or swap space
#   In 32 bit mode, the process size limit was hit
# Possible solutions:
#   Reduce memory load on the system
#   Increase physical memory or swap space
#   Check if swap backing store is full
#   Use 64 bit Java on a 64 bit OS
#   Decrease Java heap size (-Xmx/-Xms)
#   Decrease number of Java threads
#   Decrease Java thread stack sizes (-Xss)
#   Set larger code cache with -XX:ReservedCodeCacheSize=
# This output file may be truncated or incomplete.
#
#  Out of Memory Error (allocation.cpp:390), pid=37336, tid=53640
#
# JRE version: Java(TM) SE Runtime Environment (8.0_31-b13) (build 1.8.0_31-b13)
# Java VM: Java HotSpot(TM) 64-Bit Server VM (25.31-b07 mixed mode windows-amd64 compressed oops)
# Failed to write core dump. Minidumps are not enabled by default on client versions of Windows
#

---------------  T H R E A D  ---------------

Current thread (0x000000001472b800):  JavaThread "C2 CompilerThread0" daemon [_thread_in_native, id=53640, stack(0x0000000015ca0000,0x0000000015da0000)]

Stack: [0x0000000015ca0000,0x0000000015da0000]
Native frames: (J=compiled Java code, j=interpreted, Vv=VM code, C=native code)
V  [jvm.dll+0x3169ba]


Current CompileTask:
C2:   7739 1325       4       com.android.dx.ssa.back.FirstFitLocalCombiningAllocator$1::visitNonMoveInsn (6 bytes)


---------------  P R O C E S S  ---------------

Java Threads: ( => current thread )
  0x000000001478a000 JavaThread "Service Thread" daemon [_thread_blocked, id=53360, stack(0x0000000015fa0000,0x00000000160a0000)]
  0x0000000014783000 JavaThread "C1 CompilerThread2" daemon [_thread_blocked, id=55024, stack(0x0000000015ea0000,0x0000000015fa0000)]
  0x000000001477c800 JavaThread "C2 CompilerThread1" daemon [_thread_in_native, id=51620, stack(0x0000000015da0000,0x0000000015ea0000)]
=>0x000000001472b800 JavaThread "C2 CompilerThread0" daemon [_thread_in_native, id=53640, stack(0x0000000015ca0000,0x0000000015da0000)]
  0x0000000014729800 JavaThread "Attach Listener" daemon [_thread_blocked, id=2848, stack(0x0000000015ba0000,0x0000000015ca0000)]
  0x0000000014728800 JavaThread "Signal Dispatcher" daemon [_thread_blocked, id=2348, stack(0x0000000015aa0000,0x0000000015ba0000)]
  0x0000000002054800 JavaThread "Finalizer" daemon [_thread_blocked, id=52564, stack(0x00000000159a0000,0x0000000015aa0000)]
  0x00000000146f8800 JavaThread "Reference Handler" daemon [_thread_blocked, id=55140, stack(0x00000000158a0000,0x00000000159a0000)]
  0x0000000001f61000 JavaThread "main" [_thread_in_Java, id=54060, stack(0x0000000001d90000,0x0000000001e90000)]

Other Threads:
  0x00000000146f6800 VMThread [stack: 0x00000000157a0000,0x00000000158a0000] [id=7140]
  0x000000001478d000 WatcherThread [stack: 0x00000000160a0000,0x00000000161a0000] [id=53996]

VM state:not at safepoint (normal execution)

VM Mutex/Monitor currently owned by a thread: None

Heap:
 PSYoungGen      total 26112K, used 7841K [0x00000000eab00000, 0x00000000ec800000, 0x0000000100000000)
  eden space 22528K, 18% used [0x00000000eab00000,0x00000000eaf2dd48,0x00000000ec100000)
  from space 3584K, 99% used [0x00000000ec100000,0x00000000ec47aaa8,0x00000000ec480000)
  to   space 3584K, 0% used [0x00000000ec480000,0x00000000ec480000,0x00000000ec800000)
 ParOldGen       total 60416K, used 1737K [0x00000000c0000000, 0x00000000c3b00000, 0x00000000eab00000)
  object space 60416K, 2% used [0x00000000c0000000,0x00000000c01b2738,0x00000000c3b00000)
 Metaspace       used 5704K, capacity 6960K, committed 7040K, reserved 1056768K
  class space    used 556K, capacity 616K, committed 640K, reserved 1048576K

Card table byte_map: [0x0000000011420000,0x0000000011630000] byte_map_base: 0x0000000010e20000

Marking Bits: (ParMarkBitMap*) 0x0000000065cbd4f0
 Begin Bits: [0x0000000011b90000, 0x0000000012b90000)
 End Bits:   [0x0000000012b90000, 0x0000000013b90000)

Polling page: 0x0000000000520000

CodeCache: size=245760Kb used=5401Kb max_used=5401Kb free=240358Kb
 bounds [0x0000000002060000, 0x00000000025b0000, 0x0000000011060000]
 total_blobs=1582 nmethods=1323 adapters=174
 compilation: enabled

Compilation events (10 events):
Event: 7.626 Thread 0x0000000014783000 nmethod 1320 0x0000000002597a90 code [0x00000000025983c0, 0x000000000259ee58]
Event: 7.626 Thread 0x0000000014783000 1321       3       com.android.dx.cf.direct.StdAttributeFactory::lineNumberTable (204 bytes)
Event: 7.632 Thread 0x0000000014783000 nmethod 1321 0x00000000025a5610 code [0x00000000025a5aa0, 0x00000000025a86b8]
Event: 7.633 Thread 0x0000000014783000 1322       3       com.android.dx.cf.direct.StdAttributeFactory::localVariableTable (98 bytes)
Event: 7.636 Thread 0x0000000014783000 nmethod 1322 0x000000000258c0d0 code [0x000000000258c380, 0x000000000258d498]
Event: 7.636 Thread 0x0000000014783000 1323       3       com.android.dx.cf.code.LocalVariableList::<init> (6 bytes)
Event: 7.637 Thread 0x0000000014783000 nmethod 1323 0x000000000258bd50 code [0x000000000258bec0, 0x000000000258c048]
Event: 7.637 Thread 0x0000000014783000 1324       3       com.android.dx.cf.attrib.AttCode::byteLength (29 bytes)
Event: 7.638 Thread 0x0000000014783000 nmethod 1324 0x00000000025aa990 code [0x00000000025aab60, 0x00000000025ab5d8]
Event: 7.640 Thread 0x000000001472b800 1325       4       com.android.dx.ssa.back.FirstFitLocalCombiningAllocator$1::visitNonMoveInsn (6 bytes)

GC Heap History (2 events):
Event: 6.885 GC heap before
{Heap before GC invocations=1 (full 0):
 PSYoungGen      total 26112K, used 22528K [0x00000000eab00000, 0x00000000ec800000, 0x0000000100000000)
  eden space 22528K, 100% used [0x00000000eab00000,0x00000000ec100000,0x00000000ec100000)
  from space 3584K, 0% used [0x00000000ec480000,0x00000000ec480000,0x00000000ec800000)
  to   space 3584K, 0% used [0x00000000ec100000,0x00000000ec100000,0x00000000ec480000)
 ParOldGen       total 60416K, used 0K [0x00000000c0000000, 0x00000000c3b00000, 0x00000000eab00000)
  object space 60416K, 0% used [0x00000000c0000000,0x00000000c0000000,0x00000000c3b00000)
 Metaspace       used 5673K, capacity 6896K, committed 7040K, reserved 1056768K
  class space    used 556K, capacity 616K, committed 640K, reserved 1048576K
Event: 7.094 GC heap after
Heap after GC invocations=1 (full 0):
 PSYoungGen      total 26112K, used 3562K [0x00000000eab00000, 0x00000000ec800000, 0x0000000100000000)
  eden space 22528K, 0% used [0x00000000eab00000,0x00000000eab00000,0x00000000ec100000)
  from space 3584K, 99% used [0x00000000ec100000,0x00000000ec47aaa8,0x00000000ec480000)
  to   space 3584K, 0% used [0x00000000ec480000,0x00000000ec480000,0x00000000ec800000)
 ParOldGen       total 60416K, used 1737K [0x00000000c0000000, 0x00000000c3b00000, 0x00000000eab00000)
  object space 60416K, 2% used [0x00000000c0000000,0x00000000c01b2738,0x00000000c3b00000)
 Metaspace       used 5673K, capacity 6896K, committed 7040K, reserved 1056768K
  class space    used 556K, capacity 616K, committed 640K, reserved 1048576K
}

Deoptimization events (5 events):
Event: 5.672 Thread 0x0000000001f61000 Uncommon trap: reason=unreached action=reinterpret pc=0x000000000240161c method=com.android.dx.rop.cst.Constant.compareTo(Lcom/android/dx/rop/cst/Constant;)I @ 12
Event: 6.103 Thread 0x0000000001f61000 Uncommon trap: reason=unreached action=reinterpret pc=0x000000000241f990 method=com.android.dx.rop.code.LocalItem.hashCode()I @ 25
Event: 6.105 Thread 0x0000000001f61000 Uncommon trap: reason=unreached action=reinterpret pc=0x0000000002424818 method=com.android.dx.rop.code.LocalItem.hashCode()I @ 25
Event: 6.321 Thread 0x0000000001f61000 Uncommon trap: reason=bimorphic action=maybe_recompile pc=0x000000000232d414 method=java.util.HashMap.getNode(ILjava/lang/Object;)Ljava/util/HashMap$Node; @ 126
Event: 7.431 Thread 0x0000000001f61000 Uncommon trap: reason=unreached action=reinterpret pc=0x0000000002568e88 method=com.android.dx.ssa.SCCP.simulateStmt(Lcom/android/dx/ssa/SsaInsn;)V @ 418

Internal exceptions (10 events):
Event: 4.657 Thread 0x0000000001f61000 Exception <a 'java/security/PrivilegedActionException'> (0x00000000eb629530) thrown at [C:\workspace\8-2-build-windows-amd64-cygwin\jdk8u31\2394\hotspot\src\share\vm\prims\jvm.cpp, line 1312]
Event: 4.911 Thread 0x0000000001f61000 Exception <a 'java/security/PrivilegedActionException'> (0x00000000eb6a9d40) thrown at [C:\workspace\8-2-build-windows-amd64-cygwin\jdk8u31\2394\hotspot\src\share\vm\prims\jvm.cpp, line 1312]
Event: 5.009 Thread 0x0000000001f61000 Exception <a 'java/security/PrivilegedActionException'> (0x00000000eb7374e8) thrown at [C:\workspace\8-2-build-windows-amd64-cygwin\jdk8u31\2394\hotspot\src\share\vm\prims\jvm.cpp, line 1312]
Event: 5.010 Thread 0x0000000001f61000 Exception <a 'java/security/PrivilegedActionException'> (0x00000000eb739ae8) thrown at [C:\workspace\8-2-build-windows-amd64-cygwin\jdk8u31\2394\hotspot\src\share\vm\prims\jvm.cpp, line 1312]
Event: 5.112 Thread 0x0000000001f61000 Exception <a 'java/security/PrivilegedActionException'> (0x00000000eb8020b0) thrown at [C:\workspace\8-2-build-windows-amd64-cygwin\jdk8u31\2394\hotspot\src\share\vm\prims\jvm.cpp, line 1312]
Event: 5.130 Thread 0x0000000001f61000 Exception <a 'java/security/PrivilegedActionException'> (0x00000000eb83bc40) thrown at [C:\workspace\8-2-build-windows-amd64-cygwin\jdk8u31\2394\hotspot\src\share\vm\prims\jvm.cpp, line 1312]
Event: 5.139 Thread 0x0000000001f61000 Exception <a 'java/security/PrivilegedActionException'> (0x00000000eb849c48) thrown at [C:\workspace\8-2-build-windows-amd64-cygwin\jdk8u31\2394\hotspot\src\share\vm\prims\jvm.cpp, line 1312]
Event: 6.099 Thread 0x0000000001f61000 Exception <a 'java/security/PrivilegedActionException'> (0x00000000ebba6cf0) thrown at [C:\workspace\8-2-build-windows-amd64-cygwin\jdk8u31\2394\hotspot\src\share\vm\prims\jvm.cpp, line 1312]
Event: 6.111 Thread 0x0000000001f61000 Exception <a 'java/security/PrivilegedActionException'> (0x00000000ebbe2cd0) thrown at [C:\workspace\8-2-build-windows-amd64-cygwin\jdk8u31\2394\hotspot\src\share\vm\prims\jvm.cpp, line 1312]
Event: 6.548 Thread 0x0000000001f61000 Exception <a 'java/security/PrivilegedActionException'> (0x00000000ebec13b0) thrown at [C:\workspace\8-2-build-windows-amd64-cygwin\jdk8u31\2394\hotspot\src\share\vm\prims\jvm.cpp, line 1312]

Events (10 events):
Event: 6.321 Thread 0x0000000001f61000 Uncommon trap: trap_request=0xffffffc6 fr.pc=0x000000000232d414
Event: 6.321 Thread 0x0000000001f61000 DEOPT PACKING pc=0x000000000232d414 sp=0x0000000001e8e860
Event: 6.321 Thread 0x0000000001f61000 DEOPT UNPACKING pc=0x00000000020a556a sp=0x0000000001e8e788 mode 2
Event: 6.548 loading class com/android/dx/cf/code/SwitchList
Event: 6.548 loading class com/android/dx/cf/code/SwitchList done
Event: 6.885 Executing VM operation: ParallelGCFailedAllocation
Event: 7.095 Executing VM operation: ParallelGCFailedAllocation done
Event: 7.431 Thread 0x0000000001f61000 Uncommon trap: trap_request=0xffffffad fr.pc=0x0000000002568e88
Event: 7.431 Thread 0x0000000001f61000 DEOPT PACKING pc=0x0000000002568e88 sp=0x0000000001e8e820
Event: 7.432 Thread 0x0000000001f61000 DEOPT UNPACKING pc=0x00000000020a556a sp=0x0000000001e8e800 mode 2


Dynamic libraries:
0x00007ff7d7020000 - 0x00007ff7d7054000 	C:\Program Files\Java\jdk1.8.0_31\bin\java.exe
0x00007ffcbc7e0000 - 0x00007ffcbc98a000 	C:\WINDOWS\SYSTEM32\ntdll.dll
0x00007ffcba5d0000 - 0x00007ffcba70a000 	C:\WINDOWS\system32\KERNEL32.DLL
0x00007ffcb9d70000 - 0x00007ffcb9e7f000 	C:\WINDOWS\system32\KERNELBASE.dll
0x00007ffcb8780000 - 0x00007ffcb8808000 	C:\WINDOWS\system32\apphelp.dll
0x00007ffcb10e0000 - 0x00007ffcb112f000 	C:\WINDOWS\AppPatch\AppPatch64\AcGenral.DLL
0x00007ffcbc470000 - 0x00007ffcbc517000 	C:\WINDOWS\system32\msvcrt.dll
0x00007ffcb9990000 - 0x00007ffcb99bb000 	C:\WINDOWS\SYSTEM32\SspiCli.dll
0x00007ffcba060000 - 0x00007ffcba0b1000 	C:\WINDOWS\system32\SHLWAPI.dll
0x00007ffcba450000 - 0x00007ffcba5c1000 	C:\WINDOWS\system32\USER32.dll
0x00007ffcba9a0000 - 0x00007ffcbab18000 	C:\WINDOWS\system32\ole32.dll
0x00007ffcbaca0000 - 0x00007ffcbc0c0000 	C:\WINDOWS\system32\SHELL32.dll
0x00007ffcb91c0000 - 0x00007ffcb91de000 	C:\WINDOWS\SYSTEM32\USERENV.dll
0x00007ffcba260000 - 0x00007ffcba305000 	C:\WINDOWS\system32\ADVAPI32.dll
0x00007ffcb28d0000 - 0x00007ffcb28eb000 	C:\WINDOWS\SYSTEM32\MPR.dll
0x00007ffcbab60000 - 0x00007ffcbac97000 	C:\WINDOWS\system32\RPCRT4.dll
0x00007ffcbc0d0000 - 0x00007ffcbc127000 	C:\WINDOWS\SYSTEM32\sechost.dll
0x00007ffcbc5a0000 - 0x00007ffcbc776000 	C:\WINDOWS\SYSTEM32\combase.dll
0x00007ffcbc160000 - 0x00007ffcbc2a4000 	C:\WINDOWS\system32\GDI32.dll
0x00007ffcb9b50000 - 0x00007ffcb9b64000 	C:\WINDOWS\SYSTEM32\profapi.dll
0x00007ffcb7ff0000 - 0x00007ffcb808f000 	C:\WINDOWS\SYSTEM32\SHCORE.dll
0x00007ffcbab20000 - 0x00007ffcbab54000 	C:\WINDOWS\system32\IMM32.DLL
0x00007ffcba310000 - 0x00007ffcba449000 	C:\WINDOWS\system32\MSCTF.dll
0x00007ffcb7650000 - 0x00007ffcb78aa000 	C:\WINDOWS\WinSxS\amd64_microsoft.windows.common-controls_6595b64144ccf1df_6.0.9600.17031_none_6242a4b3ecbb55a1\COMCTL32.dll
0x0000000065400000 - 0x00000000654d2000 	C:\Program Files\Java\jdk1.8.0_31\jre\bin\msvcr100.dll
0x00000000654e0000 - 0x0000000065d3a000 	C:\Program Files\Java\jdk1.8.0_31\jre\bin\server\jvm.dll
0x00007ffcb5af0000 - 0x00007ffcb5af9000 	C:\WINDOWS\SYSTEM32\WSOCK32.dll
0x00007ffcb7e60000 - 0x00007ffcb7e7f000 	C:\WINDOWS\SYSTEM32\WINMM.dll
0x00007ffcbc150000 - 0x00007ffcbc157000 	C:\WINDOWS\system32\PSAPI.DLL
0x00007ffcbc350000 - 0x00007ffcbc3a8000 	C:\WINDOWS\system32\WS2_32.dll
0x00007ffcb7620000 - 0x00007ffcb764a000 	C:\WINDOWS\SYSTEM32\WINMMBASE.dll
0x00007ffcbc140000 - 0x00007ffcbc149000 	C:\WINDOWS\system32\NSI.dll
0x00007ffcb9c70000 - 0x00007ffcb9cba000 	C:\WINDOWS\SYSTEM32\cfgmgr32.dll
0x00007ffcb89e0000 - 0x00007ffcb8a06000 	C:\WINDOWS\SYSTEM32\DEVOBJ.dll
0x00000000653f0000 - 0x00000000653ff000 	C:\Program Files\Java\jdk1.8.0_31\jre\bin\verify.dll
0x00000000653c0000 - 0x00000000653e8000 	C:\Program Files\Java\jdk1.8.0_31\jre\bin\java.dll
0x00000000653a0000 - 0x00000000653b6000 	C:\Program Files\Java\jdk1.8.0_31\jre\bin\zip.dll
0x00007ffcb1250000 - 0x00007ffcb13d8000 	C:\WINDOWS\SYSTEM32\dbghelp.dll

VM Arguments:
jvm_args: -Xmx1024M -Dfile.encoding=windows-1252 -Duser.country=IN -Duser.language=en -Duser.variant 
java_command: com.android.dx.command.Main --dex --output B:\Sunshine8_Sun_1702\app\build\intermediates\pre-dexed\debug\classes-2243131fc82837dc3b08a93eddd550dbab669097.jar B:\Sunshine8_Sun_1702\app\build\intermediates\exploded-aar\com.android.support\appcompat-v7\22.2.1\classes.jar
java_class_path (initial): C:\Users\Abhishek\AppData\Local\Android\sdk1\build-tools\21.1.2\lib\dx.jar
Launcher Type: SUN_STANDARD

Environment Variables:
JAVA_HOME=C:\Program Files\Java\jdk1.8.0_31
JRE_HOME=C:\Program Files\Java\jre1.8.0_31
PATH=C:\Program Files (x86)\PC Connectivity Solution\;C:\WINDOWS\system32;C:\WINDOWS;C:\WINDOWS\System32\Wbem;C:\WINDOWS\System32\WindowsPowerShell\v1.0\;C:\jdk1.7.0_21\bin;C:\HashiCorp\Vagrant\bin;C:\Program Files (x86)\Skype\Phone\
USERNAME=Abhishek
OS=Windows_NT
PROCESSOR_IDENTIFIER=AMD64 Family 21 Model 16 Stepping 1, AuthenticAMD



---------------  S Y S T E M  ---------------

OS: Windows 8.1 , 64 bit Build 9600 

CPU:total 4 (4 cores per cpu, 1 threads per core) family 21 model 16 stepping 1, cmov, cx8, fxsr, mmx, sse, sse2, sse3, ssse3, sse4.1, sse4.2, popcnt, avx, aes, clmul, mmxext, 3dnowpref, lzcnt, sse4a, tsc, tscinvbit, tscinv, bmi1

Memory: 4k page, physical 5728520k(1669536k free), swap 8874248k(7496k free)

vm_info: Java HotSpot(TM) 64-Bit Server VM (25.31-b07) for windows-amd64 JRE (1.8.0_31-b13), built on Dec 17 2014 21:00:28 by "java_re" with MS VC++ 10.0 (VS2010)

time: Sun Aug 02 20:06:00 2015
elapsed time: 7 seconds (0d 0h 0m 7s)

