#
# There is insufficient memory for the Java Runtime Environment to continue.
# Native memory allocation (malloc) failed to allocate 1354896 bytes for Chunk::new
# Possible reasons:
#   The system is out of physical RAM or swap space
#   In 32 bit mode, the process size limit was hit
# Possible solutions:
#   Reduce memory load on the system
#   Increase physical memory or swap space
#   Check if swap backing store is full
#   Use 64 bit Java on a 64 bit OS
#   Decrease Java heap size (-Xmx/-Xms)
#   Decrease number of Java threads
#   Decrease Java thread stack sizes (-Xss)
#   Set larger code cache with -XX:ReservedCodeCacheSize=
# This output file may be truncated or incomplete.
#
#  Out of Memory Error (allocation.cpp:390), pid=53820, tid=51740
#
# JRE version: Java(TM) SE Runtime Environment (8.0_31-b13) (build 1.8.0_31-b13)
# Java VM: Java HotSpot(TM) 64-Bit Server VM (25.31-b07 mixed mode windows-amd64 compressed oops)
# Failed to write core dump. Minidumps are not enabled by default on client versions of Windows
#

---------------  T H R E A D  ---------------

Current thread (0x0000000014bfb800):  JavaThread "C2 CompilerThread0" daemon [_thread_in_native, id=51740, stack(0x0000000016150000,0x0000000016250000)]

Stack: [0x0000000016150000,0x0000000016250000]
Native frames: (J=compiled Java code, j=interpreted, Vv=VM code, C=native code)
V  [jvm.dll+0x3169ba]


Current CompileTask:
C2:  11817 1262   !   4       com.android.dx.cf.code.BytecodeArray::parseInstruction (2764 bytes)


---------------  P R O C E S S  ---------------

Java Threads: ( => current thread )
  0x0000000014c57000 JavaThread "Service Thread" daemon [_thread_blocked, id=2376, stack(0x0000000016450000,0x0000000016550000)]
  0x0000000014c4f800 JavaThread "C1 CompilerThread2" daemon [_thread_blocked, id=54500, stack(0x0000000016350000,0x0000000016450000)]
  0x0000000014c4d000 JavaThread "C2 CompilerThread1" daemon [_thread_blocked, id=25960, stack(0x0000000016250000,0x0000000016350000)]
=>0x0000000014bfb800 JavaThread "C2 CompilerThread0" daemon [_thread_in_native, id=51740, stack(0x0000000016150000,0x0000000016250000)]
  0x0000000014bf9800 JavaThread "Attach Listener" daemon [_thread_blocked, id=53892, stack(0x0000000016050000,0x0000000016150000)]
  0x0000000014bf8800 JavaThread "Signal Dispatcher" daemon [_thread_blocked, id=5580, stack(0x0000000015f50000,0x0000000016050000)]
  0x0000000002434800 JavaThread "Finalizer" daemon [_thread_blocked, id=44384, stack(0x0000000015e50000,0x0000000015f50000)]
  0x0000000014bc8800 JavaThread "Reference Handler" daemon [_thread_blocked, id=52200, stack(0x0000000015d50000,0x0000000015e50000)]
  0x0000000002341000 JavaThread "main" [_thread_in_Java, id=8576, stack(0x0000000000b00000,0x0000000000c00000)]

Other Threads:
  0x0000000014bc6800 VMThread [stack: 0x0000000015c50000,0x0000000015d50000] [id=48452]
  0x0000000014c59800 WatcherThread [stack: 0x0000000016550000,0x0000000016650000] [id=54648]

VM state:not at safepoint (normal execution)

VM Mutex/Monitor currently owned by a thread: None

Heap:
 PSYoungGen      total 26112K, used 5585K [0x00000000eab00000, 0x00000000ec800000, 0x0000000100000000)
  eden space 22528K, 8% used [0x00000000eab00000,0x00000000eacfa900,0x00000000ec100000)
  from space 3584K, 99% used [0x00000000ec100000,0x00000000ec479c98,0x00000000ec480000)
  to   space 3584K, 0% used [0x00000000ec480000,0x00000000ec480000,0x00000000ec800000)
 ParOldGen       total 60416K, used 1770K [0x00000000c0000000, 0x00000000c3b00000, 0x00000000eab00000)
  object space 60416K, 2% used [0x00000000c0000000,0x00000000c01ba978,0x00000000c3b00000)
 Metaspace       used 5673K, capacity 6896K, committed 7040K, reserved 1056768K
  class space    used 553K, capacity 616K, committed 640K, reserved 1048576K

Card table byte_map: [0x00000000118f0000,0x0000000011b00000] byte_map_base: 0x00000000112f0000

Marking Bits: (ParMarkBitMap*) 0x0000000065cbd4f0
 Begin Bits: [0x0000000012060000, 0x0000000013060000)
 End Bits:   [0x0000000013060000, 0x0000000014060000)

Polling page: 0x00000000009a0000

CodeCache: size=245760Kb used=5140Kb max_used=5151Kb free=240619Kb
 bounds [0x0000000002530000, 0x0000000002a40000, 0x0000000011530000]
 total_blobs=1535 nmethods=1276 adapters=174
 compilation: enabled

Compilation events (10 events):
Event: 11.767 Thread 0x0000000014c4f800 nmethod 1274 0x0000000002a34b50 code [0x0000000002a34d40, 0x0000000002a358f8]
Event: 11.767 Thread 0x0000000014c4f800 1275       3       java.util.ArrayDeque::pollFirst (42 bytes)
Event: 11.767 Thread 0x0000000014c4f800 nmethod 1275 0x0000000002a33a90 code [0x0000000002a33c00, 0x0000000002a33f30]
Event: 11.767 Thread 0x0000000014c4f800 1276       3       java.util.zip.InflaterInputStream::<init> (79 bytes)
Event: 11.768 Thread 0x0000000014c4f800 nmethod 1276 0x0000000002a38bd0 code [0x0000000002a38d80, 0x0000000002a39418]
Event: 11.769 Thread 0x0000000014c4f800 1277   !   3       java.util.zip.ZipFile::releaseInflater (41 bytes)
Event: 11.770 Thread 0x0000000014c4f800 nmethod 1277 0x0000000002a38010 code [0x0000000002a381c0, 0x0000000002a388d8]
Event: 11.772 Thread 0x0000000014c4d000 nmethod 1265 0x0000000002a3c610 code [0x0000000002a3c780, 0x0000000002a3cb08]
Event: 11.772 Thread 0x0000000014c4d000 1264       4       com.android.dx.ssa.SsaMethod$2::visitNonMoveInsn (6 bytes)
Event: 11.773 Thread 0x0000000014c4d000 nmethod 1264 0x0000000002a39690 code [0x0000000002a397e0, 0x0000000002a39868]

GC Heap History (2 events):
Event: 11.352 GC heap before
{Heap before GC invocations=1 (full 0):
 PSYoungGen      total 26112K, used 22528K [0x00000000eab00000, 0x00000000ec800000, 0x0000000100000000)
  eden space 22528K, 100% used [0x00000000eab00000,0x00000000ec100000,0x00000000ec100000)
  from space 3584K, 0% used [0x00000000ec480000,0x00000000ec480000,0x00000000ec800000)
  to   space 3584K, 0% used [0x00000000ec100000,0x00000000ec100000,0x00000000ec480000)
 ParOldGen       total 60416K, used 0K [0x00000000c0000000, 0x00000000c3b00000, 0x00000000eab00000)
  object space 60416K, 0% used [0x00000000c0000000,0x00000000c0000000,0x00000000c3b00000)
 Metaspace       used 5659K, capacity 6896K, committed 7040K, reserved 1056768K
  class space    used 553K, capacity 616K, committed 640K, reserved 1048576K
Event: 11.695 GC heap after
Heap after GC invocations=1 (full 0):
 PSYoungGen      total 26112K, used 3559K [0x00000000eab00000, 0x00000000ec800000, 0x0000000100000000)
  eden space 22528K, 0% used [0x00000000eab00000,0x00000000eab00000,0x00000000ec100000)
  from space 3584K, 99% used [0x00000000ec100000,0x00000000ec479c98,0x00000000ec480000)
  to   space 3584K, 0% used [0x00000000ec480000,0x00000000ec480000,0x00000000ec800000)
 ParOldGen       total 60416K, used 1770K [0x00000000c0000000, 0x00000000c3b00000, 0x00000000eab00000)
  object space 60416K, 2% used [0x00000000c0000000,0x00000000c01ba978,0x00000000c3b00000)
 Metaspace       used 5659K, capacity 6896K, committed 7040K, reserved 1056768K
  class space    used 553K, capacity 616K, committed 640K, reserved 1048576K
}

Deoptimization events (6 events):
Event: 8.506 Thread 0x0000000002341000 Uncommon trap: reason=bimorphic action=maybe_recompile pc=0x00000000027c6310 method=java.util.HashMap.getNode(ILjava/lang/Object;)Ljava/util/HashMap$Node; @ 126
Event: 8.506 Thread 0x0000000002341000 Uncommon trap: reason=bimorphic action=maybe_recompile pc=0x00000000027c6310 method=java.util.HashMap.getNode(ILjava/lang/Object;)Ljava/util/HashMap$Node; @ 126
Event: 8.506 Thread 0x0000000002341000 Uncommon trap: reason=bimorphic action=maybe_recompile pc=0x00000000027c6310 method=java.util.HashMap.getNode(ILjava/lang/Object;)Ljava/util/HashMap$Node; @ 126
Event: 8.507 Thread 0x0000000002341000 Uncommon trap: reason=bimorphic action=maybe_recompile pc=0x00000000027c6310 method=java.util.HashMap.getNode(ILjava/lang/Object;)Ljava/util/HashMap$Node; @ 126
Event: 8.507 Thread 0x0000000002341000 Uncommon trap: reason=unreached action=reinterpret pc=0x00000000029390dc method=com.android.dx.rop.cst.Constant.compareTo(Lcom/android/dx/rop/cst/Constant;)I @ 12
Event: 8.508 Thread 0x0000000002341000 Uncommon trap: reason=bimorphic action=maybe_recompile pc=0x0000000002769ad0 method=java.util.HashMap.getNode(ILjava/lang/Object;)Ljava/util/HashMap$Node; @ 126

Internal exceptions (10 events):
Event: 4.779 Thread 0x0000000002341000 Exception <a 'java/security/PrivilegedActionException'> (0x00000000eb5a1b80) thrown at [C:\workspace\8-2-build-windows-amd64-cygwin\jdk8u31\2394\hotspot\src\share\vm\prims\jvm.cpp, line 1312]
Event: 4.785 Thread 0x0000000002341000 Exception <a 'java/security/PrivilegedActionException'> (0x00000000eb5a72a0) thrown at [C:\workspace\8-2-build-windows-amd64-cygwin\jdk8u31\2394\hotspot\src\share\vm\prims\jvm.cpp, line 1312]
Event: 4.990 Thread 0x0000000002341000 Exception <a 'java/security/PrivilegedActionException'> (0x00000000eb60ab50) thrown at [C:\workspace\8-2-build-windows-amd64-cygwin\jdk8u31\2394\hotspot\src\share\vm\prims\jvm.cpp, line 1312]
Event: 4.994 Thread 0x0000000002341000 Exception <a 'java/security/PrivilegedActionException'> (0x00000000eb6160d0) thrown at [C:\workspace\8-2-build-windows-amd64-cygwin\jdk8u31\2394\hotspot\src\share\vm\prims\jvm.cpp, line 1312]
Event: 5.744 Thread 0x0000000002341000 Exception <a 'java/security/PrivilegedActionException'> (0x00000000eb6fe030) thrown at [C:\workspace\8-2-build-windows-amd64-cygwin\jdk8u31\2394\hotspot\src\share\vm\prims\jvm.cpp, line 1312]
Event: 5.747 Thread 0x0000000002341000 Exception <a 'java/security/PrivilegedActionException'> (0x00000000eb708188) thrown at [C:\workspace\8-2-build-windows-amd64-cygwin\jdk8u31\2394\hotspot\src\share\vm\prims\jvm.cpp, line 1312]
Event: 5.747 Thread 0x0000000002341000 Exception <a 'java/security/PrivilegedActionException'> (0x00000000eb70a788) thrown at [C:\workspace\8-2-build-windows-amd64-cygwin\jdk8u31\2394\hotspot\src\share\vm\prims\jvm.cpp, line 1312]
Event: 8.462 Thread 0x0000000002341000 Exception <a 'java/security/PrivilegedActionException'> (0x00000000ebac3038) thrown at [C:\workspace\8-2-build-windows-amd64-cygwin\jdk8u31\2394\hotspot\src\share\vm\prims\jvm.cpp, line 1312]
Event: 8.478 Thread 0x0000000002341000 Exception <a 'java/security/PrivilegedActionException'> (0x00000000ebafabe8) thrown at [C:\workspace\8-2-build-windows-amd64-cygwin\jdk8u31\2394\hotspot\src\share\vm\prims\jvm.cpp, line 1312]
Event: 8.486 Thread 0x0000000002341000 Exception <a 'java/security/PrivilegedActionException'> (0x00000000ebb20420) thrown at [C:\workspace\8-2-build-windows-amd64-cygwin\jdk8u31\2394\hotspot\src\share\vm\prims\jvm.cpp, line 1312]

Events (10 events):
Event: 8.507 Thread 0x0000000002341000 DEOPT PACKING pc=0x00000000027c6310 sp=0x0000000000bfe930
Event: 8.507 Thread 0x0000000002341000 DEOPT UNPACKING pc=0x000000000257556a sp=0x0000000000bfe858 mode 2
Event: 8.507 Thread 0x0000000002341000 Uncommon trap: trap_request=0xffffffad fr.pc=0x00000000029390dc
Event: 8.507 Thread 0x0000000002341000 DEOPT PACKING pc=0x00000000029390dc sp=0x0000000000bfe940
Event: 8.507 Thread 0x0000000002341000 DEOPT UNPACKING pc=0x000000000257556a sp=0x0000000000bfe8e0 mode 2
Event: 8.507 Thread 0x0000000002341000 Uncommon trap: trap_request=0xffffffc6 fr.pc=0x0000000002769ad0
Event: 8.508 Thread 0x0000000002341000 DEOPT PACKING pc=0x0000000002769ad0 sp=0x0000000000bfebf0
Event: 8.508 Thread 0x0000000002341000 DEOPT UNPACKING pc=0x000000000257556a sp=0x0000000000bfeb78 mode 2
Event: 11.352 Executing VM operation: ParallelGCFailedAllocation
Event: 11.695 Executing VM operation: ParallelGCFailedAllocation done


Dynamic libraries:
0x00007ff7d7020000 - 0x00007ff7d7054000 	C:\Program Files\Java\jdk1.8.0_31\bin\java.exe
0x00007ffcbc7e0000 - 0x00007ffcbc98a000 	C:\WINDOWS\SYSTEM32\ntdll.dll
0x00007ffcba5d0000 - 0x00007ffcba70a000 	C:\WINDOWS\system32\KERNEL32.DLL
0x00007ffcb9d70000 - 0x00007ffcb9e7f000 	C:\WINDOWS\system32\KERNELBASE.dll
0x00007ffcb8780000 - 0x00007ffcb8808000 	C:\WINDOWS\system32\apphelp.dll
0x00007ffcb10e0000 - 0x00007ffcb112f000 	C:\WINDOWS\AppPatch\AppPatch64\AcGenral.DLL
0x00007ffcbc470000 - 0x00007ffcbc517000 	C:\WINDOWS\system32\msvcrt.dll
0x00007ffcb9990000 - 0x00007ffcb99bb000 	C:\WINDOWS\SYSTEM32\SspiCli.dll
0x00007ffcba060000 - 0x00007ffcba0b1000 	C:\WINDOWS\system32\SHLWAPI.dll
0x00007ffcba450000 - 0x00007ffcba5c1000 	C:\WINDOWS\system32\USER32.dll
0x00007ffcba9a0000 - 0x00007ffcbab18000 	C:\WINDOWS\system32\ole32.dll
0x00007ffcbaca0000 - 0x00007ffcbc0c0000 	C:\WINDOWS\system32\SHELL32.dll
0x00007ffcb91c0000 - 0x00007ffcb91de000 	C:\WINDOWS\SYSTEM32\USERENV.dll
0x00007ffcba260000 - 0x00007ffcba305000 	C:\WINDOWS\system32\ADVAPI32.dll
0x00007ffcb28d0000 - 0x00007ffcb28eb000 	C:\WINDOWS\SYSTEM32\MPR.dll
0x00007ffcbab60000 - 0x00007ffcbac97000 	C:\WINDOWS\system32\RPCRT4.dll
0x00007ffcbc0d0000 - 0x00007ffcbc127000 	C:\WINDOWS\SYSTEM32\sechost.dll
0x00007ffcbc5a0000 - 0x00007ffcbc776000 	C:\WINDOWS\SYSTEM32\combase.dll
0x00007ffcbc160000 - 0x00007ffcbc2a4000 	C:\WINDOWS\system32\GDI32.dll
0x00007ffcb9b50000 - 0x00007ffcb9b64000 	C:\WINDOWS\SYSTEM32\profapi.dll
0x00007ffcb7ff0000 - 0x00007ffcb808f000 	C:\WINDOWS\SYSTEM32\SHCORE.dll
0x00007ffcbab20000 - 0x00007ffcbab54000 	C:\WINDOWS\system32\IMM32.DLL
0x00007ffcba310000 - 0x00007ffcba449000 	C:\WINDOWS\system32\MSCTF.dll
0x00007ffcb7650000 - 0x00007ffcb78aa000 	C:\WINDOWS\WinSxS\amd64_microsoft.windows.common-controls_6595b64144ccf1df_6.0.9600.17031_none_6242a4b3ecbb55a1\COMCTL32.dll
0x0000000065400000 - 0x00000000654d2000 	C:\Program Files\Java\jdk1.8.0_31\jre\bin\msvcr100.dll
0x00000000654e0000 - 0x0000000065d3a000 	C:\Program Files\Java\jdk1.8.0_31\jre\bin\server\jvm.dll
0x00007ffcb5af0000 - 0x00007ffcb5af9000 	C:\WINDOWS\SYSTEM32\WSOCK32.dll
0x00007ffcb7e60000 - 0x00007ffcb7e7f000 	C:\WINDOWS\SYSTEM32\WINMM.dll
0x00007ffcbc150000 - 0x00007ffcbc157000 	C:\WINDOWS\system32\PSAPI.DLL
0x00007ffcbc350000 - 0x00007ffcbc3a8000 	C:\WINDOWS\system32\WS2_32.dll
0x00007ffcb7620000 - 0x00007ffcb764a000 	C:\WINDOWS\SYSTEM32\WINMMBASE.dll
0x00007ffcbc140000 - 0x00007ffcbc149000 	C:\WINDOWS\system32\NSI.dll
0x00007ffcb9c70000 - 0x00007ffcb9cba000 	C:\WINDOWS\SYSTEM32\cfgmgr32.dll
0x00007ffcb89e0000 - 0x00007ffcb8a06000 	C:\WINDOWS\SYSTEM32\DEVOBJ.dll
0x00000000653f0000 - 0x00000000653ff000 	C:\Program Files\Java\jdk1.8.0_31\jre\bin\verify.dll
0x00000000653c0000 - 0x00000000653e8000 	C:\Program Files\Java\jdk1.8.0_31\jre\bin\java.dll
0x00000000653a0000 - 0x00000000653b6000 	C:\Program Files\Java\jdk1.8.0_31\jre\bin\zip.dll
0x00007ffcb1250000 - 0x00007ffcb13d8000 	C:\WINDOWS\SYSTEM32\dbghelp.dll

VM Arguments:
jvm_args: -Xmx1024M -Dfile.encoding=windows-1252 -Duser.country=IN -Duser.language=en -Duser.variant 
java_command: com.android.dx.command.Main --dex --output B:\Sunshine8_Sun_1702\app\build\intermediates\pre-dexed\debug\classes-1f9a3d5e31121a0382310a43dfebdbc5f9ab1b7f.jar B:\Sunshine8_Sun_1702\app\build\intermediates\exploded-aar\com.android.support\support-v4\22.2.1\classes.jar
java_class_path (initial): C:\Users\Abhishek\AppData\Local\Android\sdk1\build-tools\21.1.2\lib\dx.jar
Launcher Type: SUN_STANDARD

Environment Variables:
JAVA_HOME=C:\Program Files\Java\jdk1.8.0_31
JRE_HOME=C:\Program Files\Java\jre1.8.0_31
PATH=C:\Program Files (x86)\PC Connectivity Solution\;C:\WINDOWS\system32;C:\WINDOWS;C:\WINDOWS\System32\Wbem;C:\WINDOWS\System32\WindowsPowerShell\v1.0\;C:\jdk1.7.0_21\bin;C:\HashiCorp\Vagrant\bin;C:\Program Files (x86)\Skype\Phone\
USERNAME=Abhishek
OS=Windows_NT
PROCESSOR_IDENTIFIER=AMD64 Family 21 Model 16 Stepping 1, AuthenticAMD



---------------  S Y S T E M  ---------------

OS: Windows 8.1 , 64 bit Build 9600 

CPU:total 4 (4 cores per cpu, 1 threads per core) family 21 model 16 stepping 1, cmov, cx8, fxsr, mmx, sse, sse2, sse3, ssse3, sse4.1, sse4.2, popcnt, avx, aes, clmul, mmxext, 3dnowpref, lzcnt, sse4a, tsc, tscinvbit, tscinv, bmi1

Memory: 4k page, physical 5728520k(1706696k free), swap 8874248k(4680k free)

vm_info: Java HotSpot(TM) 64-Bit Server VM (25.31-b07) for windows-amd64 JRE (1.8.0_31-b13), built on Dec 17 2014 21:00:28 by "java_re" with MS VC++ 10.0 (VS2010)

time: Sun Aug 02 20:05:16 2015
elapsed time: 11 seconds (0d 0h 0m 11s)

